[2022-11-16 10:21:59,460] da.sim.Router<MainProcess>:INFO: Bootstrap succeeded using <UdpTransport(127.0.0.1:13830)>.
[2022-11-16 10:21:59,460] da.api<MainProcess>:INFO: <NodeProcess:ReplicaNode3> initialized at 127.0.0.1:(UdpTransport=13830, TcpTransport=18875).
[2022-11-16 10:21:59,460] da.api<MainProcess>:INFO: Starting program <module 'replica' from '/Users/prashant/Desktop/BCR/src/replica.py'>...
[2022-11-16 10:21:59,460] da.api<MainProcess>:INFO: Running iteration 1 ...
[2022-11-16 10:21:59,461] da.api<MainProcess>:INFO: Waiting for remaining child processes to terminate...(Press "Ctrl-C" to force kill)
[2022-11-16 10:22:02,929] replica.Replica<Replica:4fc02#ReplicaNode3>:INFO: Starting Replica
[2022-11-16 10:22:02,935] replica.Replica<Replica:4fc02#ReplicaNode3>:INFO: Replica:3 received init_hist:0 from olympus
[2022-11-16 10:22:02,935] replica.Replica<Replica:4fc02#ReplicaNode3>:OUTPUT: Replica:3 {message_type>messagecount} is {<MessageTypes.NEW_CONFIGURATION: 7>: 0}
, {client:{message_type>messagecount} is :{}
[2022-11-16 10:22:02,936] replica.Replica<Replica:4fc02#ReplicaNode3>:OUTPUT: Failure trigger is None , failure checks is  change_oper=False change_result=False drop_result=False change_privatekey=False remove_operationhistory=False crash=False truncate_history=False sleep=0 drop=False increment_slot=False extra_op=False invalid_order_sig=False invalid_result_sig=False drop_checkpt_stmts=False for the init_hist:0  in Replica:3
[2022-11-16 10:22:02,937] replica.Replica<Replica:4fc02#ReplicaNode3>:INFO: replica 3 received inithist from olympus runningState:{}  slot:-1
[2022-11-16 10:22:02,983] replica.Replica<Replica:4fc02#ReplicaNode3>:INFO: Replica:3 received forward shuttle:0 for client:0
[2022-11-16 10:22:02,984] replica.Replica<Replica:4fc02#ReplicaNode3>:OUTPUT: Replica:3 {client:{message_type>messagecount} is :{0: {<MessageTypes.SHUTTLE: 2>: 0}}
[2022-11-16 10:22:02,985] replica.Replica<Replica:4fc02#ReplicaNode3>:OUTPUT: Failure trigger is None , failure checks is  change_oper=False change_result=False drop_result=False change_privatekey=False remove_operationhistory=False crash=False truncate_history=False sleep=0 drop=False increment_slot=False extra_op=False invalid_order_sig=False invalid_result_sig=False drop_checkpt_stmts=False for the forward shuttle:0 client:0 in Replica:3
[2022-11-16 10:22:02,987] replica.Replica<Replica:4fc02#ReplicaNode3>:OUTPUT: Forward Shuttle:0 for Client:0 passed validation at Replica:3
[2022-11-16 10:22:02,988] replica.Replica<Replica:4fc02#ReplicaNode3>:OUTPUT: Checkpoint :Running State Hash:b'8cc57ca43eb209139562a629272985648f822cfb567a21e0fd5f73b31c7034bb' is created for running state:{'movie': 'star'} and stored in history at slot 0 for Replica:3
[2022-11-16 10:22:02,988] replica.Replica<Replica:4fc02#ReplicaNode3>:INFO: [Replica:3 runningState:{'movie': 'star'} OperationName:put OperationId:1 ]
[2022-11-16 10:22:02,989] replica.Replica<Replica:4fc02#ReplicaNode3>:OUTPUT: result of operation is OK for Replica:3
[2022-11-16 10:22:02,989] replica.Replica<Replica:4fc02#ReplicaNode3>:OUTPUT: Replica:3 order statement [slot,operationName,operationId,replicaId]:[0,put,1,3] is signed,appended to order Proof
[2022-11-16 10:22:02,990] replica.Replica<Replica:4fc02#ReplicaNode3>:OUTPUT: Replica:3 result statement [result_hash,operationName,operationId,replicaId]:[b'993c86df9aeaf07579b44943216571b94456b0228e65b6e09384701a7c4ab03f',put,1,3] is signed,appended to result Proof
[2022-11-16 10:22:02,995] replica.Replica<Replica:4fc02#ReplicaNode3>:OUTPUT: forward shuttle sent to next replica
[2022-11-16 10:22:03,011] replica.Replica<Replica:4fc02#ReplicaNode3>:INFO: Replica:3 received backward shuttle:0 for client:0
[2022-11-16 10:22:03,012] replica.Replica<Replica:4fc02#ReplicaNode3>:OUTPUT: Replica:3 {client:{message_type>messagecount}:{0: {<MessageTypes.SHUTTLE: 2>: 0, <MessageTypes.RESULT_SHUTTLE: 3>: 0}}
[2022-11-16 10:22:03,012] replica.Replica<Replica:4fc02#ReplicaNode3>:OUTPUT: Failure trigger is None , failure checks is  change_oper=False change_result=False drop_result=False change_privatekey=False remove_operationhistory=False crash=False truncate_history=False sleep=0 drop=False increment_slot=False extra_op=False invalid_order_sig=False invalid_result_sig=False drop_checkpt_stmts=False for the backward shuttle:0 client:0 in Replica:3
[2022-11-16 10:22:03,014] replica.Replica<Replica:4fc02#ReplicaNode3>:OUTPUT: Result Proof is valid for Replica:3
[2022-11-16 10:22:03,015] replica.Replica<Replica:4fc02#ReplicaNode3>:OUTPUT: Backward Shuttle:0 for client:0 passed validation at Replica:3
[2022-11-16 10:22:03,016] replica.Replica<Replica:4fc02#ReplicaNode3>:INFO: [Replica:3 runningState:{'movie': 'star'} OperationName:put OperationId:1]
[2022-11-16 10:22:03,021] replica.Replica<Replica:4fc02#ReplicaNode3>:OUTPUT: backward shuttle sent to previous replica
[2022-11-16 10:22:03,025] replica.Replica<Replica:4fc02#ReplicaNode3>:INFO: Replica:3 received done from olympus
[2022-11-16 10:22:03,026] replica.Replica<Replica:4fc02#ReplicaNode3>:OUTPUT: replica send done to olympus
[2022-11-16 10:22:03,027] replica.Replica<Replica:4fc02#ReplicaNode3>:INFO: replica3 time to terminate:True,state:State.IMMUTABLE
[2022-11-16 10:22:07,368] replica.Replica<Replica:4fc03#ReplicaNode3>:INFO: Starting Replica
[2022-11-16 10:22:07,374] replica.Replica<Replica:4fc03#ReplicaNode3>:INFO: Replica:3 received init_hist:0 from olympus
[2022-11-16 10:22:07,375] replica.Replica<Replica:4fc03#ReplicaNode3>:OUTPUT: Replica:3 {message_type>messagecount} is {<MessageTypes.NEW_CONFIGURATION: 7>: 0}
, {client:{message_type>messagecount} is :{}
[2022-11-16 10:22:07,376] replica.Replica<Replica:4fc03#ReplicaNode3>:OUTPUT: Failure trigger is None , failure checks is  change_oper=False change_result=False drop_result=False change_privatekey=False remove_operationhistory=False crash=False truncate_history=False sleep=0 drop=False increment_slot=False extra_op=False invalid_order_sig=False invalid_result_sig=False drop_checkpt_stmts=False for the init_hist:0  in Replica:3
[2022-11-16 10:22:07,377] replica.Replica<Replica:4fc03#ReplicaNode3>:INFO: replica 3 received inithist from olympus runningState:{}  slot:-1
[2022-11-16 10:22:07,424] replica.Replica<Replica:4fc03#ReplicaNode3>:INFO: Replica:3 received forward shuttle:0 for client:0
[2022-11-16 10:22:07,426] replica.Replica<Replica:4fc03#ReplicaNode3>:OUTPUT: Replica:3 {client:{message_type>messagecount} is :{0: {<MessageTypes.SHUTTLE: 2>: 0}}
[2022-11-16 10:22:07,427] replica.Replica<Replica:4fc03#ReplicaNode3>:OUTPUT: Failure trigger is None , failure checks is  change_oper=False change_result=False drop_result=False change_privatekey=False remove_operationhistory=False crash=False truncate_history=False sleep=0 drop=False increment_slot=False extra_op=False invalid_order_sig=False invalid_result_sig=False drop_checkpt_stmts=False for the forward shuttle:0 client:0 in Replica:3
[2022-11-16 10:22:07,430] replica.Replica<Replica:4fc03#ReplicaNode3>:OUTPUT: Forward Shuttle:0 for Client:0 passed validation at Replica:3
[2022-11-16 10:22:07,432] replica.Replica<Replica:4fc03#ReplicaNode3>:OUTPUT: Checkpoint :Running State Hash:b'8cc57ca43eb209139562a629272985648f822cfb567a21e0fd5f73b31c7034bb' is created for running state:{'movie': 'star'} and stored in history at slot 0 for Replica:3
[2022-11-16 10:22:07,433] replica.Replica<Replica:4fc03#ReplicaNode3>:INFO: [Replica:3 runningState:{'movie': 'star'} OperationName:put OperationId:1 ]
[2022-11-16 10:22:07,435] replica.Replica<Replica:4fc03#ReplicaNode3>:OUTPUT: result of operation is OK for Replica:3
[2022-11-16 10:22:07,435] replica.Replica<Replica:4fc03#ReplicaNode3>:OUTPUT: Replica:3 order statement [slot,operationName,operationId,replicaId]:[0,put,1,3] is signed,appended to order Proof
[2022-11-16 10:22:07,437] replica.Replica<Replica:4fc03#ReplicaNode3>:OUTPUT: Replica:3 result statement [result_hash,operationName,operationId,replicaId]:[b'993c86df9aeaf07579b44943216571b94456b0228e65b6e09384701a7c4ab03f',put,1,3] is signed,appended to result Proof
[2022-11-16 10:22:07,444] replica.Replica<Replica:4fc03#ReplicaNode3>:OUTPUT: forward shuttle sent to next replica
[2022-11-16 10:22:07,445] replica.Replica<Replica:4fc03#ReplicaNode3>:INFO: Replica:3 received forward shuttle:0 for client:1
[2022-11-16 10:22:07,446] replica.Replica<Replica:4fc03#ReplicaNode3>:OUTPUT: Replica:3 {client:{message_type>messagecount} is :{0: {<MessageTypes.SHUTTLE: 2>: 0}, 1: {<MessageTypes.SHUTTLE: 2>: 0}}
[2022-11-16 10:22:07,447] replica.Replica<Replica:4fc03#ReplicaNode3>:OUTPUT: Failure trigger is None , failure checks is  change_oper=False change_result=False drop_result=False change_privatekey=False remove_operationhistory=False crash=False truncate_history=False sleep=0 drop=False increment_slot=False extra_op=False invalid_order_sig=False invalid_result_sig=False drop_checkpt_stmts=False for the forward shuttle:0 client:1 in Replica:3
[2022-11-16 10:22:07,448] replica.Replica<Replica:4fc03#ReplicaNode3>:OUTPUT: Forward Shuttle:0 for Client:1 passed validation at Replica:3
[2022-11-16 10:22:07,449] replica.Replica<Replica:4fc03#ReplicaNode3>:OUTPUT: Checkpoint :Running State Hash:b'8cc57ca43eb209139562a629272985648f822cfb567a21e0fd5f73b31c7034bb' is created for running state:{'movie': 'star'} and stored in history at slot 1 for Replica:3
[2022-11-16 10:22:07,450] replica.Replica<Replica:4fc03#ReplicaNode3>:INFO: [Replica:3 runningState:{'movie': 'star'} OperationName:get OperationId:1 ]
[2022-11-16 10:22:07,450] replica.Replica<Replica:4fc03#ReplicaNode3>:OUTPUT: result of operation is star for Replica:3
[2022-11-16 10:22:07,451] replica.Replica<Replica:4fc03#ReplicaNode3>:OUTPUT: Replica:3 order statement [slot,operationName,operationId,replicaId]:[1,get,1,3] is signed,appended to order Proof
[2022-11-16 10:22:07,451] replica.Replica<Replica:4fc03#ReplicaNode3>:OUTPUT: Replica:3 result statement [result_hash,operationName,operationId,replicaId]:[b'6b06ac1727d0c4a1a0f73572e0f1c7cdc6aec0ad5a4580035b225fa66fb21560',get,1,3] is signed,appended to result Proof
[2022-11-16 10:22:07,453] replica.Replica<Replica:4fc03#ReplicaNode3>:OUTPUT: forward shuttle sent to next replica
[2022-11-16 10:22:07,462] replica.Replica<Replica:4fc03#ReplicaNode3>:INFO: Replica:3 received backward shuttle:0 for client:0
[2022-11-16 10:22:07,463] replica.Replica<Replica:4fc03#ReplicaNode3>:OUTPUT: Replica:3 {client:{message_type>messagecount}:{0: {<MessageTypes.SHUTTLE: 2>: 0, <MessageTypes.RESULT_SHUTTLE: 3>: 0}, 1: {<MessageTypes.SHUTTLE: 2>: 0}}
[2022-11-16 10:22:07,464] replica.Replica<Replica:4fc03#ReplicaNode3>:OUTPUT: Failure trigger is None , failure checks is  change_oper=False change_result=False drop_result=False change_privatekey=False remove_operationhistory=False crash=False truncate_history=False sleep=0 drop=False increment_slot=False extra_op=False invalid_order_sig=False invalid_result_sig=False drop_checkpt_stmts=False for the backward shuttle:0 client:0 in Replica:3
[2022-11-16 10:22:07,467] replica.Replica<Replica:4fc03#ReplicaNode3>:OUTPUT: Result Proof is valid for Replica:3
[2022-11-16 10:22:07,467] replica.Replica<Replica:4fc03#ReplicaNode3>:OUTPUT: Backward Shuttle:0 for client:0 passed validation at Replica:3
[2022-11-16 10:22:07,468] replica.Replica<Replica:4fc03#ReplicaNode3>:INFO: [Replica:3 runningState:{'movie': 'star'} OperationName:put OperationId:1]
[2022-11-16 10:22:07,472] replica.Replica<Replica:4fc03#ReplicaNode3>:OUTPUT: backward shuttle sent to previous replica
[2022-11-16 10:22:07,478] replica.Replica<Replica:4fc03#ReplicaNode3>:INFO: Replica:3 received backward shuttle:0 for client:1
[2022-11-16 10:22:07,479] replica.Replica<Replica:4fc03#ReplicaNode3>:OUTPUT: Replica:3 {client:{message_type>messagecount}:{0: {<MessageTypes.SHUTTLE: 2>: 0, <MessageTypes.RESULT_SHUTTLE: 3>: 0}, 1: {<MessageTypes.SHUTTLE: 2>: 0, <MessageTypes.RESULT_SHUTTLE: 3>: 0}}
[2022-11-16 10:22:07,480] replica.Replica<Replica:4fc03#ReplicaNode3>:OUTPUT: Failure trigger is None , failure checks is  change_oper=False change_result=False drop_result=False change_privatekey=False remove_operationhistory=False crash=False truncate_history=False sleep=0 drop=False increment_slot=False extra_op=False invalid_order_sig=False invalid_result_sig=False drop_checkpt_stmts=False for the backward shuttle:0 client:1 in Replica:3
[2022-11-16 10:22:07,482] replica.Replica<Replica:4fc03#ReplicaNode3>:OUTPUT: Result Proof is valid for Replica:3
[2022-11-16 10:22:07,483] replica.Replica<Replica:4fc03#ReplicaNode3>:OUTPUT: Backward Shuttle:0 for client:1 passed validation at Replica:3
[2022-11-16 10:22:07,484] replica.Replica<Replica:4fc03#ReplicaNode3>:INFO: [Replica:3 runningState:{'movie': 'star'} OperationName:get OperationId:1]
[2022-11-16 10:22:07,485] replica.Replica<Replica:4fc03#ReplicaNode3>:OUTPUT: backward shuttle sent to previous replica
[2022-11-16 10:22:07,497] replica.Replica<Replica:4fc03#ReplicaNode3>:INFO: Replica:3 received forward shuttle:1 for client:0
[2022-11-16 10:22:07,498] replica.Replica<Replica:4fc03#ReplicaNode3>:OUTPUT: Replica:3 {client:{message_type>messagecount} is :{0: {<MessageTypes.SHUTTLE: 2>: 1, <MessageTypes.RESULT_SHUTTLE: 3>: 0}, 1: {<MessageTypes.SHUTTLE: 2>: 0, <MessageTypes.RESULT_SHUTTLE: 3>: 0}}
[2022-11-16 10:22:07,499] replica.Replica<Replica:4fc03#ReplicaNode3>:OUTPUT: Failure trigger is None , failure checks is  change_oper=False change_result=False drop_result=False change_privatekey=False remove_operationhistory=False crash=False truncate_history=False sleep=0 drop=False increment_slot=False extra_op=False invalid_order_sig=False invalid_result_sig=False drop_checkpt_stmts=False for the forward shuttle:1 client:0 in Replica:3
[2022-11-16 10:22:07,502] replica.Replica<Replica:4fc03#ReplicaNode3>:OUTPUT: Forward Shuttle:1 for Client:0 passed validation at Replica:3
[2022-11-16 10:22:07,504] replica.Replica<Replica:4fc03#ReplicaNode3>:OUTPUT: Checkpoint :Running State Hash:b'2ac895ebfc36dc360e5b9710d6677dba60d3a61f5d0fa33e4e1b119f15cffb69' is created for running state:{'movie': 'tar'} and stored in history at slot 2 for Replica:3
[2022-11-16 10:22:07,504] replica.Replica<Replica:4fc03#ReplicaNode3>:INFO: [Replica:3 runningState:{'movie': 'tar'} OperationName:slice OperationId:2 ]
[2022-11-16 10:22:07,505] replica.Replica<Replica:4fc03#ReplicaNode3>:OUTPUT: result of operation is OK for Replica:3
[2022-11-16 10:22:07,506] replica.Replica<Replica:4fc03#ReplicaNode3>:OUTPUT: Replica:3 order statement [slot,operationName,operationId,replicaId]:[2,slice,2,3] is signed,appended to order Proof
[2022-11-16 10:22:07,506] replica.Replica<Replica:4fc03#ReplicaNode3>:OUTPUT: Replica:3 result statement [result_hash,operationName,operationId,replicaId]:[b'993c86df9aeaf07579b44943216571b94456b0228e65b6e09384701a7c4ab03f',slice,2,3] is signed,appended to result Proof
[2022-11-16 10:22:07,507] replica.Replica<Replica:4fc03#ReplicaNode3>:OUTPUT: forward shuttle sent to next replica
[2022-11-16 10:22:07,519] replica.Replica<Replica:4fc03#ReplicaNode3>:INFO: Replica:3 received forward shuttle:1 for client:1
[2022-11-16 10:22:07,520] replica.Replica<Replica:4fc03#ReplicaNode3>:OUTPUT: Replica:3 {client:{message_type>messagecount} is :{0: {<MessageTypes.SHUTTLE: 2>: 1, <MessageTypes.RESULT_SHUTTLE: 3>: 0}, 1: {<MessageTypes.SHUTTLE: 2>: 1, <MessageTypes.RESULT_SHUTTLE: 3>: 0}}
[2022-11-16 10:22:07,521] replica.Replica<Replica:4fc03#ReplicaNode3>:OUTPUT: Failure trigger is None , failure checks is  change_oper=False change_result=False drop_result=False change_privatekey=False remove_operationhistory=False crash=False truncate_history=False sleep=0 drop=False increment_slot=False extra_op=False invalid_order_sig=False invalid_result_sig=False drop_checkpt_stmts=False for the forward shuttle:1 client:1 in Replica:3
[2022-11-16 10:22:07,523] replica.Replica<Replica:4fc03#ReplicaNode3>:OUTPUT: Forward Shuttle:1 for Client:1 passed validation at Replica:3
[2022-11-16 10:22:07,525] replica.Replica<Replica:4fc03#ReplicaNode3>:OUTPUT: Checkpoint :Running State Hash:b'5ef146be22406a7e822ae6f28d362d8e0635fc819b60ad98b239e7b9719086dc' is created for running state:{'movie': 'stars'} and stored in history at slot 3 for Replica:3
[2022-11-16 10:22:07,525] replica.Replica<Replica:4fc03#ReplicaNode3>:INFO: [Replica:3 runningState:{'movie': 'stars'} OperationName:put OperationId:2 ]
[2022-11-16 10:22:07,526] replica.Replica<Replica:4fc03#ReplicaNode3>:OUTPUT: result of operation is OK for Replica:3
[2022-11-16 10:22:07,527] replica.Replica<Replica:4fc03#ReplicaNode3>:OUTPUT: Replica:3 order statement [slot,operationName,operationId,replicaId]:[3,put,2,3] is signed,appended to order Proof
[2022-11-16 10:22:07,527] replica.Replica<Replica:4fc03#ReplicaNode3>:OUTPUT: Replica:3 result statement [result_hash,operationName,operationId,replicaId]:[b'993c86df9aeaf07579b44943216571b94456b0228e65b6e09384701a7c4ab03f',put,2,3] is signed,appended to result Proof
[2022-11-16 10:22:07,528] replica.Replica<Replica:4fc03#ReplicaNode3>:OUTPUT: forward shuttle sent to next replica
[2022-11-16 10:22:07,530] replica.Replica<Replica:4fc03#ReplicaNode3>:INFO: Replica:3 received backward shuttle:1 for client:0
[2022-11-16 10:22:07,531] replica.Replica<Replica:4fc03#ReplicaNode3>:OUTPUT: Replica:3 {client:{message_type>messagecount}:{0: {<MessageTypes.SHUTTLE: 2>: 1, <MessageTypes.RESULT_SHUTTLE: 3>: 1}, 1: {<MessageTypes.SHUTTLE: 2>: 1, <MessageTypes.RESULT_SHUTTLE: 3>: 0}}
[2022-11-16 10:22:07,532] replica.Replica<Replica:4fc03#ReplicaNode3>:OUTPUT: Failure trigger is None , failure checks is  change_oper=False change_result=False drop_result=False change_privatekey=False remove_operationhistory=False crash=False truncate_history=False sleep=0 drop=False increment_slot=False extra_op=False invalid_order_sig=False invalid_result_sig=False drop_checkpt_stmts=False for the backward shuttle:1 client:0 in Replica:3
[2022-11-16 10:22:07,535] replica.Replica<Replica:4fc03#ReplicaNode3>:OUTPUT: Result Proof is valid for Replica:3
[2022-11-16 10:22:07,535] replica.Replica<Replica:4fc03#ReplicaNode3>:OUTPUT: Backward Shuttle:1 for client:0 passed validation at Replica:3
[2022-11-16 10:22:07,536] replica.Replica<Replica:4fc03#ReplicaNode3>:INFO: [Replica:3 runningState:{'movie': 'stars'} OperationName:slice OperationId:2]
[2022-11-16 10:22:07,537] replica.Replica<Replica:4fc03#ReplicaNode3>:OUTPUT: backward shuttle sent to previous replica
[2022-11-16 10:22:07,538] replica.Replica<Replica:4fc03#ReplicaNode3>:INFO: Replica:3 received checkpoint forward shuttle:0 for slot:0
[2022-11-16 10:22:07,538] replica.Replica<Replica:4fc03#ReplicaNode3>:OUTPUT: Replica:3 {replica:{message_type>messagecount} is :{<MessageTypes.NEW_CONFIGURATION: 7>: 0, <MessageTypes.CHECKPOINT: 4>: 0}
[2022-11-16 10:22:07,539] replica.Replica<Replica:4fc03#ReplicaNode3>:OUTPUT: Failure trigger is None , failure checks is  change_oper=False change_result=False drop_result=False change_privatekey=False remove_operationhistory=False crash=False truncate_history=False sleep=0 drop=False increment_slot=False extra_op=False invalid_order_sig=False invalid_result_sig=False drop_checkpt_stmts=False for the checkpoint forward shuttle:0 slot:0 in Replica:3
[2022-11-16 10:22:07,541] replica.Replica<Replica:4fc03#ReplicaNode3>:OUTPUT: Checkpoint Forward Shuttle:0 for slot:0 passed validation at Replica:3
[2022-11-16 10:22:07,541] replica.Replica<Replica:4fc03#ReplicaNode3>:OUTPUT: CheckpointStatement [checkpointSlot:0,runningStateHash:b'8cc57ca43eb209139562a629272985648f822cfb567a21e0fd5f73b31c7034bb',] created at replica:3 for slot 0

[2022-11-16 10:22:07,542] replica.Replica<Replica:4fc03#ReplicaNode3>:OUTPUT: CheckpointSt is appended to CheckpointShuttle checkpointSlot:0
 checkpointStatement:b'\xc6\xedt\x15\xa9\x9e)X\x95\xa4,}\x05\t7\x05\xddm\xa0B@\x1f\xb9\x0e\x1a\xb0\xa8X<3\x1dp\x0e\x01\xb0u\x85\x92\xf3\x0e\xfe\x99\xfd\x8a\xea\x90\xed3\xbc\xc4\xec\xa2\xb6z8\x7f\x1b\x12ctg\xd1\\\x02\x80\x03cCheckpointStatement\nCheckpointStatement\nq\x00)\x81q\x01}q\x02(X\x0e\x00\x00\x00checkpointSlotq\x03K\x00X\x10\x00\x00\x00runningStateHashq\x04C@8cc57ca43eb209139562a629272985648f822cfb567a21e0fd5f73b31c7034bbq\x05ub.',b"YN\x86\xd7'h\xd3\xae\x81D\r?5S\xef\xb1*\xe8\x97\x15 u\xa7\xd1\x9bT\x96\xf5\xb8\x10l\x16\xf0\xf7%\x0e\x03\xd0\x99\xa1\x14\x98\xd9\xbd*#\x0brEZ\xd9\xfc\x01\xfe\x13Y\xac\xfaZ\x01\x06\x1a7\x07\x80\x03cCheckpointStatement\nCheckpointStatement\nq\x00)\x81q\x01}q\x02(X\x0e\x00\x00\x00checkpointSlotq\x03K\x00X\x10\x00\x00\x00runningStateHashq\x04C@8cc57ca43eb209139562a629272985648f822cfb567a21e0fd5f73b31c7034bbq\x05ub.",b'\xc3P\x86\xe1?\xda\xc2\x84\xe9%e\x87\xa4\x85\xb3\xa2\x96~\xd8\x9d\xb2\x96\xa6\x80\xa6\xf0\xff@\xeb"\xfd\xc0\xee\xde\xf9\xfc8\xf3[9\xdb\x02t\xb6\xb7\xfb\xbcf\x97f\xd3\xd9\xe4x\xa2\xb1I\x0b\x9aviHv\x06\x80\x03cCheckpointStatement\nCheckpointStatement\nq\x00)\x81q\x01}q\x02(X\x0e\x00\x00\x00checkpointSlotq\x03K\x00X\x10\x00\x00\x00runningStateHashq\x04C@8cc57ca43eb209139562a629272985648f822cfb567a21e0fd5f73b31c7034bbq\x05ub.',b'\xbeC\t\x99\xe7hS\xcad(\x02m<\xdf\xe0^\xb8YIu\xdag\xaa\xaa\xebd\xc9\x06\xc3F\xda\xd8\x9b\x87\x1byD\x0eyMG\xb7+\xd7x\x81\xda!\xea\xe5`\xed%\r\xf3\xe9m*\xaa^_\xb9h\n\x80\x03cCheckpointStatement\nCheckpointStatement\nq\x00)\x81q\x01}q\x02(X\x0e\x00\x00\x00checkpointSlotq\x03K\x00X\x10\x00\x00\x00runningStateHashq\x04C@8cc57ca43eb209139562a629272985648f822cfb567a21e0fd5f73b31c7034bbq\x05ub.' at replica:3 for slot 0

[2022-11-16 10:22:07,544] replica.Replica<Replica:4fc03#ReplicaNode3>:OUTPUT: forward shuttle sent to next replica
[2022-11-16 10:22:07,545] replica.Replica<Replica:4fc03#ReplicaNode3>:INFO: Replica:3 received backward shuttle:1 for client:1
[2022-11-16 10:22:07,546] replica.Replica<Replica:4fc03#ReplicaNode3>:OUTPUT: Replica:3 {client:{message_type>messagecount}:{0: {<MessageTypes.SHUTTLE: 2>: 1, <MessageTypes.RESULT_SHUTTLE: 3>: 1}, 1: {<MessageTypes.SHUTTLE: 2>: 1, <MessageTypes.RESULT_SHUTTLE: 3>: 1}}
[2022-11-16 10:22:07,547] replica.Replica<Replica:4fc03#ReplicaNode3>:OUTPUT: Failure trigger is None , failure checks is  change_oper=False change_result=False drop_result=False change_privatekey=False remove_operationhistory=False crash=False truncate_history=False sleep=0 drop=False increment_slot=False extra_op=False invalid_order_sig=False invalid_result_sig=False drop_checkpt_stmts=False for the backward shuttle:1 client:1 in Replica:3
[2022-11-16 10:22:07,551] replica.Replica<Replica:4fc03#ReplicaNode3>:OUTPUT: Result Proof is valid for Replica:3
[2022-11-16 10:22:07,552] replica.Replica<Replica:4fc03#ReplicaNode3>:OUTPUT: Backward Shuttle:1 for client:1 passed validation at Replica:3
[2022-11-16 10:22:07,553] replica.Replica<Replica:4fc03#ReplicaNode3>:INFO: [Replica:3 runningState:{'movie': 'stars'} OperationName:put OperationId:2]
[2022-11-16 10:22:07,554] replica.Replica<Replica:4fc03#ReplicaNode3>:OUTPUT: backward shuttle sent to previous replica
[2022-11-16 10:22:07,556] replica.Replica<Replica:4fc03#ReplicaNode3>:INFO: Replica:3 received checkpoint forward shuttle:1 for slot:1
[2022-11-16 10:22:07,556] replica.Replica<Replica:4fc03#ReplicaNode3>:OUTPUT: Replica:3 {replica:{message_type>messagecount} is :{<MessageTypes.NEW_CONFIGURATION: 7>: 0, <MessageTypes.CHECKPOINT: 4>: 1}
[2022-11-16 10:22:07,558] replica.Replica<Replica:4fc03#ReplicaNode3>:OUTPUT: Failure trigger is None , failure checks is  change_oper=False change_result=False drop_result=False change_privatekey=False remove_operationhistory=False crash=False truncate_history=False sleep=0 drop=False increment_slot=False extra_op=False invalid_order_sig=False invalid_result_sig=False drop_checkpt_stmts=False for the checkpoint forward shuttle:1 slot:1 in Replica:3
[2022-11-16 10:22:07,560] replica.Replica<Replica:4fc03#ReplicaNode3>:OUTPUT: Checkpoint Forward Shuttle:1 for slot:1 passed validation at Replica:3
[2022-11-16 10:22:07,562] replica.Replica<Replica:4fc03#ReplicaNode3>:OUTPUT: CheckpointStatement [checkpointSlot:1,runningStateHash:b'8cc57ca43eb209139562a629272985648f822cfb567a21e0fd5f73b31c7034bb',] created at replica:3 for slot 1

[2022-11-16 10:22:07,564] replica.Replica<Replica:4fc03#ReplicaNode3>:OUTPUT: CheckpointSt is appended to CheckpointShuttle checkpointSlot:1
 checkpointStatement:b'\xe0\xa7\xc0\x0e\xc8I\x1b\xfd`\xc4\x88\x9c\xcb\xf0\xe0 8e\xbeI{\x86v\xe6\xc6\x88\xf4\xee$3\x007[\x8b\xaa\xf1op\x1d\xc2\x18\xa0\x05+*P@P\x12a5?\xb4\x95\xe7z\x004\xa8\xea\xc3V\xba\x03\x80\x03cCheckpointStatement\nCheckpointStatement\nq\x00)\x81q\x01}q\x02(X\x0e\x00\x00\x00checkpointSlotq\x03K\x01X\x10\x00\x00\x00runningStateHashq\x04C@8cc57ca43eb209139562a629272985648f822cfb567a21e0fd5f73b31c7034bbq\x05ub.',b".^\x94\x08\xd8\xfa\xf7\xc0\xa8y\xa0\x13pKH\x0cH\x04\x1f\xaa\r\xf1\xb4sc3\xf8\x9d\xd90Hw\\'J\xab\xa3\xeckw\xe8\xd3\x11\xe5\x15,9\xb3\x14\xa6\xa9\x9a\xb7&\xee\x96\xd0\xa0\x89\x8a\x13\x80<\x0b\x80\x03cCheckpointStatement\nCheckpointStatement\nq\x00)\x81q\x01}q\x02(X\x0e\x00\x00\x00checkpointSlotq\x03K\x01X\x10\x00\x00\x00runningStateHashq\x04C@8cc57ca43eb209139562a629272985648f822cfb567a21e0fd5f73b31c7034bbq\x05ub.",b'\xe3\x14\xac\xe6\x8f0\x8d\xb4\xb7\x93\x8dx\x1aoRr\xb4\xc3\xcc\xedA3\xcd9\x18\x80\xe4\xe9r\xfc\xde\r <\xd1\xdc\xe8\xb0\xc7\xe1.\xc1\xc4Q\xd8l\x06P\xba0\xa0\xe52\xe03\x00\xd5\x00\x0c\xb9:\xfcV\x0c\x80\x03cCheckpointStatement\nCheckpointStatement\nq\x00)\x81q\x01}q\x02(X\x0e\x00\x00\x00checkpointSlotq\x03K\x01X\x10\x00\x00\x00runningStateHashq\x04C@8cc57ca43eb209139562a629272985648f822cfb567a21e0fd5f73b31c7034bbq\x05ub.',b"\xe26\x16\x83,^\xf9\xb9\xe7cG\xef\xaas\xd5\x9f\x16\xb5\xdd\x7f\x9d3\x99\xefb\xd3\x0fu\x97\x15\x15C~\x0e\xa0\x06\x0e\x874'\x14G\x08\x87\x97\t\xa3\xc6\x95*|\x7f\x87\xf0\xa7\xd8\xf4\x85\x10\xdeW\x8d@\x04\x80\x03cCheckpointStatement\nCheckpointStatement\nq\x00)\x81q\x01}q\x02(X\x0e\x00\x00\x00checkpointSlotq\x03K\x01X\x10\x00\x00\x00runningStateHashq\x04C@8cc57ca43eb209139562a629272985648f822cfb567a21e0fd5f73b31c7034bbq\x05ub." at replica:3 for slot 1

[2022-11-16 10:22:07,566] replica.Replica<Replica:4fc03#ReplicaNode3>:OUTPUT: forward shuttle sent to next replica
[2022-11-16 10:22:07,569] replica.Replica<Replica:4fc03#ReplicaNode3>:INFO: Replica:3 received completed checkpoint proof shuttle:0 for slot:0
[2022-11-16 10:22:07,570] replica.Replica<Replica:4fc03#ReplicaNode3>:OUTPUT: Replica:3 {replica:{message_type>messagecount} is :{<MessageTypes.NEW_CONFIGURATION: 7>: 0, <MessageTypes.CHECKPOINT: 4>: 1, <MessageTypes.COMPLETED_CHECKPOINT: 5>: 0}
[2022-11-16 10:22:07,571] replica.Replica<Replica:4fc03#ReplicaNode3>:OUTPUT: Failure trigger is None , failure checks is  change_oper=False change_result=False drop_result=False change_privatekey=False remove_operationhistory=False crash=False truncate_history=False sleep=0 drop=False increment_slot=False extra_op=False invalid_order_sig=False invalid_result_sig=False drop_checkpt_stmts=False for the completed checkpoint proof shuttle:0 slot:0 in Replica:3
[2022-11-16 10:22:07,575] replica.Replica<Replica:4fc03#ReplicaNode3>:OUTPUT: Completed Chcekpoint Proof Shuttle:0 for slot:0 passed validation at Replica:3
[2022-11-16 10:22:07,576] replica.Replica<Replica:4fc03#ReplicaNode3>:OUTPUT: Truncated History is {1=[operation :  ID:1 Name:get Key:movie Value:None Client ID: <Client:86c12#ClientNode> Logical Clock0 ClientNum 1],2=[operation :  ID:2 Name:slice Key:movie Value:1:4 Client ID: <Client:86c11#ClientNode> Logical Clock24 ClientNum 0],3=[operation :  ID:2 Name:put Key:movie Value:stars Client ID: <Client:86c12#ClientNode> Logical Clock27 ClientNum 1]} after checkpointing at slot 0 for replica:3

[2022-11-16 10:22:07,577] replica.Replica<Replica:4fc03#ReplicaNode3>:OUTPUT: Completed Chcekpoint Proof Shuttle sent to previous replica
[2022-11-16 10:22:07,579] replica.Replica<Replica:4fc03#ReplicaNode3>:INFO: Replica:3 received done from olympus
[2022-11-16 10:22:07,581] replica.Replica<Replica:4fc03#ReplicaNode3>:OUTPUT: replica send done to olympus
[2022-11-16 10:22:07,582] replica.Replica<Replica:4fc03#ReplicaNode3>:INFO: replica3 time to terminate:True,state:State.IMMUTABLE
[2022-11-16 10:25:27,139] da.api<MainProcess>:WARNING: Received keyboard interrupt. 
[2022-11-16 11:02:25,751] da.sim.Router<MainProcess>:INFO: Bootstrap succeeded using <UdpTransport(127.0.0.1:37155)>.
[2022-11-16 11:02:25,752] da.api<MainProcess>:INFO: <NodeProcess:ReplicaNode3> initialized at 127.0.0.1:(UdpTransport=37155, TcpTransport=26248).
[2022-11-16 11:02:25,752] da.api<MainProcess>:INFO: Starting program <module 'replica' from '/Users/prashant/Desktop/BCR/src/replica.py'>...
[2022-11-16 11:02:25,753] da.api<MainProcess>:INFO: Running iteration 1 ...
[2022-11-16 11:02:25,754] da.api<MainProcess>:INFO: Waiting for remaining child processes to terminate...(Press "Ctrl-C" to force kill)
[2022-11-16 11:02:55,484] da.api<MainProcess>:WARNING: Received keyboard interrupt. 
[2022-11-16 11:03:19,646] da.sim.Router<MainProcess>:INFO: Bootstrap succeeded using <UdpTransport(127.0.0.1:17068)>.
[2022-11-16 11:03:19,647] da.api<MainProcess>:INFO: <NodeProcess:ReplicaNode3> initialized at 127.0.0.1:(UdpTransport=17068, TcpTransport=20247).
[2022-11-16 11:03:19,647] da.api<MainProcess>:INFO: Starting program <module 'replica' from '/Users/prashant/Desktop/BCR/src/replica.py'>...
[2022-11-16 11:03:19,648] da.api<MainProcess>:INFO: Running iteration 1 ...
[2022-11-16 11:03:19,648] da.api<MainProcess>:INFO: Waiting for remaining child processes to terminate...(Press "Ctrl-C" to force kill)
[2022-11-16 11:03:23,204] replica.Replica<Replica:f0802#ReplicaNode3>:INFO: Starting Replica
[2022-11-16 11:03:23,209] replica.Replica<Replica:f0802#ReplicaNode3>:INFO: Replica:3 received init_hist:0 from olympus
[2022-11-16 11:03:23,210] replica.Replica<Replica:f0802#ReplicaNode3>:OUTPUT: Replica:3 {message_type>messagecount} is {<MessageTypes.NEW_CONFIGURATION: 7>: 0}
, {client:{message_type>messagecount} is :{}
[2022-11-16 11:03:23,212] replica.Replica<Replica:f0802#ReplicaNode3>:OUTPUT: Failure trigger is None , failure checks is  change_oper=False change_result=False drop_result=False change_privatekey=False remove_operationhistory=False crash=False truncate_history=False sleep=0 drop=False increment_slot=False extra_op=False invalid_order_sig=False invalid_result_sig=False drop_checkpt_stmts=False for the init_hist:0  in Replica:3
[2022-11-16 11:03:23,213] replica.Replica<Replica:f0802#ReplicaNode3>:INFO: replica 3 received inithist from olympus runningState:{}  slot:-1
[2022-11-16 11:03:23,259] replica.Replica<Replica:f0802#ReplicaNode3>:INFO: Replica:3 received forward shuttle:0 for client:0
[2022-11-16 11:03:23,260] replica.Replica<Replica:f0802#ReplicaNode3>:OUTPUT: Replica:3 {client:{message_type>messagecount} is :{0: {<MessageTypes.SHUTTLE: 2>: 0}}
[2022-11-16 11:03:23,261] replica.Replica<Replica:f0802#ReplicaNode3>:OUTPUT: Failure trigger is None , failure checks is  change_oper=False change_result=False drop_result=False change_privatekey=False remove_operationhistory=False crash=False truncate_history=False sleep=0 drop=False increment_slot=False extra_op=False invalid_order_sig=False invalid_result_sig=False drop_checkpt_stmts=False for the forward shuttle:0 client:0 in Replica:3
[2022-11-16 11:03:23,263] replica.Replica<Replica:f0802#ReplicaNode3>:OUTPUT: Forward Shuttle:0 for Client:0 passed validation at Replica:3
[2022-11-16 11:03:23,263] replica.Replica<Replica:f0802#ReplicaNode3>:OUTPUT: Checkpoint :Running State Hash:b'8cc57ca43eb209139562a629272985648f822cfb567a21e0fd5f73b31c7034bb' is created for running state:{'movie': 'star'} and stored in history at slot 0 for Replica:3
[2022-11-16 11:03:23,264] replica.Replica<Replica:f0802#ReplicaNode3>:INFO: [Replica:3 runningState:{'movie': 'star'} OperationName:put OperationId:1 ]
[2022-11-16 11:03:23,264] replica.Replica<Replica:f0802#ReplicaNode3>:OUTPUT: result of operation is OK for Replica:3
[2022-11-16 11:03:23,265] replica.Replica<Replica:f0802#ReplicaNode3>:OUTPUT: Replica:3 order statement [slot,operationName,operationId,replicaId]:[0,put,1,3] is signed,appended to order Proof
[2022-11-16 11:03:23,265] replica.Replica<Replica:f0802#ReplicaNode3>:OUTPUT: Replica:3 result statement [result_hash,operationName,operationId,replicaId]:[b'993c86df9aeaf07579b44943216571b94456b0228e65b6e09384701a7c4ab03f',put,1,3] is signed,appended to result Proof
[2022-11-16 11:03:23,269] replica.Replica<Replica:f0802#ReplicaNode3>:OUTPUT: forward shuttle sent to next replica
[2022-11-16 11:03:23,285] replica.Replica<Replica:f0802#ReplicaNode3>:INFO: Replica:3 received backward shuttle:0 for client:0
[2022-11-16 11:03:23,286] replica.Replica<Replica:f0802#ReplicaNode3>:OUTPUT: Replica:3 {client:{message_type>messagecount}:{0: {<MessageTypes.SHUTTLE: 2>: 0, <MessageTypes.RESULT_SHUTTLE: 3>: 0}}
[2022-11-16 11:03:23,287] replica.Replica<Replica:f0802#ReplicaNode3>:OUTPUT: Failure trigger is None , failure checks is  change_oper=False change_result=False drop_result=False change_privatekey=False remove_operationhistory=False crash=False truncate_history=False sleep=0 drop=False increment_slot=False extra_op=False invalid_order_sig=False invalid_result_sig=False drop_checkpt_stmts=False for the backward shuttle:0 client:0 in Replica:3
[2022-11-16 11:03:23,289] replica.Replica<Replica:f0802#ReplicaNode3>:OUTPUT: Result Proof is valid for Replica:3
[2022-11-16 11:03:23,290] replica.Replica<Replica:f0802#ReplicaNode3>:OUTPUT: Backward Shuttle:0 for client:0 passed validation at Replica:3
[2022-11-16 11:03:23,290] replica.Replica<Replica:f0802#ReplicaNode3>:INFO: [Replica:3 runningState:{'movie': 'star'} OperationName:put OperationId:1]
[2022-11-16 11:03:23,295] replica.Replica<Replica:f0802#ReplicaNode3>:OUTPUT: backward shuttle sent to previous replica
[2022-11-16 11:03:23,300] replica.Replica<Replica:f0802#ReplicaNode3>:INFO: Replica:3 received done from olympus
[2022-11-16 11:03:23,302] replica.Replica<Replica:f0802#ReplicaNode3>:OUTPUT: replica send done to olympus
[2022-11-16 11:03:23,302] replica.Replica<Replica:f0802#ReplicaNode3>:INFO: replica3 time to terminate:True,state:State.IMMUTABLE
[2022-11-16 11:03:30,510] replica.Replica<Replica:f0803#ReplicaNode3>:INFO: Starting Replica
[2022-11-16 11:03:30,516] replica.Replica<Replica:f0803#ReplicaNode3>:INFO: Replica:3 received init_hist:0 from olympus
[2022-11-16 11:03:30,517] replica.Replica<Replica:f0803#ReplicaNode3>:OUTPUT: Replica:3 {message_type>messagecount} is {<MessageTypes.NEW_CONFIGURATION: 7>: 0}
, {client:{message_type>messagecount} is :{}
[2022-11-16 11:03:30,518] replica.Replica<Replica:f0803#ReplicaNode3>:OUTPUT: Failure trigger is None , failure checks is  change_oper=False change_result=False drop_result=False change_privatekey=False remove_operationhistory=False crash=False truncate_history=False sleep=0 drop=False increment_slot=False extra_op=False invalid_order_sig=False invalid_result_sig=False drop_checkpt_stmts=False for the init_hist:0  in Replica:3
[2022-11-16 11:03:30,519] replica.Replica<Replica:f0803#ReplicaNode3>:INFO: replica 3 received inithist from olympus runningState:{}  slot:-1
[2022-11-16 11:03:30,566] replica.Replica<Replica:f0803#ReplicaNode3>:INFO: Replica:3 received forward shuttle:0 for client:0
[2022-11-16 11:03:30,567] replica.Replica<Replica:f0803#ReplicaNode3>:OUTPUT: Replica:3 {client:{message_type>messagecount} is :{0: {<MessageTypes.SHUTTLE: 2>: 0}}
[2022-11-16 11:03:30,567] replica.Replica<Replica:f0803#ReplicaNode3>:OUTPUT: Failure trigger is None , failure checks is  change_oper=False change_result=False drop_result=False change_privatekey=False remove_operationhistory=False crash=False truncate_history=False sleep=0 drop=False increment_slot=False extra_op=False invalid_order_sig=False invalid_result_sig=False drop_checkpt_stmts=False for the forward shuttle:0 client:0 in Replica:3
[2022-11-16 11:03:30,569] replica.Replica<Replica:f0803#ReplicaNode3>:OUTPUT: Forward Shuttle:0 for Client:0 passed validation at Replica:3
[2022-11-16 11:03:30,570] replica.Replica<Replica:f0803#ReplicaNode3>:OUTPUT: Checkpoint :Running State Hash:b'8cc57ca43eb209139562a629272985648f822cfb567a21e0fd5f73b31c7034bb' is created for running state:{'movie': 'star'} and stored in history at slot 0 for Replica:3
[2022-11-16 11:03:30,571] replica.Replica<Replica:f0803#ReplicaNode3>:INFO: [Replica:3 runningState:{'movie': 'star'} OperationName:put OperationId:1 ]
[2022-11-16 11:03:30,571] replica.Replica<Replica:f0803#ReplicaNode3>:OUTPUT: result of operation is OK for Replica:3
[2022-11-16 11:03:30,571] replica.Replica<Replica:f0803#ReplicaNode3>:OUTPUT: Replica:3 order statement [slot,operationName,operationId,replicaId]:[0,put,1,3] is signed,appended to order Proof
[2022-11-16 11:03:30,573] replica.Replica<Replica:f0803#ReplicaNode3>:OUTPUT: Replica:3 result statement [result_hash,operationName,operationId,replicaId]:[b'993c86df9aeaf07579b44943216571b94456b0228e65b6e09384701a7c4ab03f',put,1,3] is signed,appended to result Proof
[2022-11-16 11:03:30,576] replica.Replica<Replica:f0803#ReplicaNode3>:OUTPUT: forward shuttle sent to next replica
[2022-11-16 11:03:30,578] replica.Replica<Replica:f0803#ReplicaNode3>:INFO: Replica:3 received forward shuttle:0 for client:1
[2022-11-16 11:03:30,578] replica.Replica<Replica:f0803#ReplicaNode3>:OUTPUT: Replica:3 {client:{message_type>messagecount} is :{0: {<MessageTypes.SHUTTLE: 2>: 0}, 1: {<MessageTypes.SHUTTLE: 2>: 0}}
[2022-11-16 11:03:30,579] replica.Replica<Replica:f0803#ReplicaNode3>:OUTPUT: Failure trigger is None , failure checks is  change_oper=False change_result=False drop_result=False change_privatekey=False remove_operationhistory=False crash=False truncate_history=False sleep=0 drop=False increment_slot=False extra_op=False invalid_order_sig=False invalid_result_sig=False drop_checkpt_stmts=False for the forward shuttle:0 client:1 in Replica:3
[2022-11-16 11:03:30,580] replica.Replica<Replica:f0803#ReplicaNode3>:OUTPUT: Forward Shuttle:0 for Client:1 passed validation at Replica:3
[2022-11-16 11:03:30,581] replica.Replica<Replica:f0803#ReplicaNode3>:OUTPUT: Checkpoint :Running State Hash:b'8cc57ca43eb209139562a629272985648f822cfb567a21e0fd5f73b31c7034bb' is created for running state:{'movie': 'star'} and stored in history at slot 1 for Replica:3
[2022-11-16 11:03:30,581] replica.Replica<Replica:f0803#ReplicaNode3>:INFO: [Replica:3 runningState:{'movie': 'star'} OperationName:get OperationId:1 ]
[2022-11-16 11:03:30,582] replica.Replica<Replica:f0803#ReplicaNode3>:OUTPUT: result of operation is star for Replica:3
[2022-11-16 11:03:30,582] replica.Replica<Replica:f0803#ReplicaNode3>:OUTPUT: Replica:3 order statement [slot,operationName,operationId,replicaId]:[1,get,1,3] is signed,appended to order Proof
[2022-11-16 11:03:30,583] replica.Replica<Replica:f0803#ReplicaNode3>:OUTPUT: Replica:3 result statement [result_hash,operationName,operationId,replicaId]:[b'6b06ac1727d0c4a1a0f73572e0f1c7cdc6aec0ad5a4580035b225fa66fb21560',get,1,3] is signed,appended to result Proof
[2022-11-16 11:03:30,584] replica.Replica<Replica:f0803#ReplicaNode3>:OUTPUT: forward shuttle sent to next replica
[2022-11-16 11:03:30,592] replica.Replica<Replica:f0803#ReplicaNode3>:INFO: Replica:3 received backward shuttle:0 for client:0
[2022-11-16 11:03:30,593] replica.Replica<Replica:f0803#ReplicaNode3>:OUTPUT: Replica:3 {client:{message_type>messagecount}:{0: {<MessageTypes.SHUTTLE: 2>: 0, <MessageTypes.RESULT_SHUTTLE: 3>: 0}, 1: {<MessageTypes.SHUTTLE: 2>: 0}}
[2022-11-16 11:03:30,594] replica.Replica<Replica:f0803#ReplicaNode3>:OUTPUT: Failure trigger is None , failure checks is  change_oper=False change_result=False drop_result=False change_privatekey=False remove_operationhistory=False crash=False truncate_history=False sleep=0 drop=False increment_slot=False extra_op=False invalid_order_sig=False invalid_result_sig=False drop_checkpt_stmts=False for the backward shuttle:0 client:0 in Replica:3
[2022-11-16 11:03:30,596] replica.Replica<Replica:f0803#ReplicaNode3>:OUTPUT: Result Proof is valid for Replica:3
[2022-11-16 11:03:30,597] replica.Replica<Replica:f0803#ReplicaNode3>:OUTPUT: Backward Shuttle:0 for client:0 passed validation at Replica:3
[2022-11-16 11:03:30,597] replica.Replica<Replica:f0803#ReplicaNode3>:INFO: [Replica:3 runningState:{'movie': 'star'} OperationName:put OperationId:1]
[2022-11-16 11:03:30,601] replica.Replica<Replica:f0803#ReplicaNode3>:OUTPUT: backward shuttle sent to previous replica
[2022-11-16 11:03:30,609] replica.Replica<Replica:f0803#ReplicaNode3>:INFO: Replica:3 received backward shuttle:0 for client:1
[2022-11-16 11:03:30,610] replica.Replica<Replica:f0803#ReplicaNode3>:OUTPUT: Replica:3 {client:{message_type>messagecount}:{0: {<MessageTypes.SHUTTLE: 2>: 0, <MessageTypes.RESULT_SHUTTLE: 3>: 0}, 1: {<MessageTypes.SHUTTLE: 2>: 0, <MessageTypes.RESULT_SHUTTLE: 3>: 0}}
[2022-11-16 11:03:30,610] replica.Replica<Replica:f0803#ReplicaNode3>:OUTPUT: Failure trigger is None , failure checks is  change_oper=False change_result=False drop_result=False change_privatekey=False remove_operationhistory=False crash=False truncate_history=False sleep=0 drop=False increment_slot=False extra_op=False invalid_order_sig=False invalid_result_sig=False drop_checkpt_stmts=False for the backward shuttle:0 client:1 in Replica:3
[2022-11-16 11:03:30,613] replica.Replica<Replica:f0803#ReplicaNode3>:OUTPUT: Result Proof is valid for Replica:3
[2022-11-16 11:03:30,614] replica.Replica<Replica:f0803#ReplicaNode3>:OUTPUT: Backward Shuttle:0 for client:1 passed validation at Replica:3
[2022-11-16 11:03:30,615] replica.Replica<Replica:f0803#ReplicaNode3>:INFO: [Replica:3 runningState:{'movie': 'star'} OperationName:get OperationId:1]
[2022-11-16 11:03:30,616] replica.Replica<Replica:f0803#ReplicaNode3>:OUTPUT: backward shuttle sent to previous replica
[2022-11-16 11:03:30,627] replica.Replica<Replica:f0803#ReplicaNode3>:INFO: Replica:3 received forward shuttle:1 for client:0
[2022-11-16 11:03:30,628] replica.Replica<Replica:f0803#ReplicaNode3>:OUTPUT: Replica:3 {client:{message_type>messagecount} is :{0: {<MessageTypes.SHUTTLE: 2>: 1, <MessageTypes.RESULT_SHUTTLE: 3>: 0}, 1: {<MessageTypes.SHUTTLE: 2>: 0, <MessageTypes.RESULT_SHUTTLE: 3>: 0}}
[2022-11-16 11:03:30,628] replica.Replica<Replica:f0803#ReplicaNode3>:OUTPUT: Failure trigger is None , failure checks is  change_oper=False change_result=False drop_result=False change_privatekey=False remove_operationhistory=False crash=False truncate_history=False sleep=0 drop=False increment_slot=False extra_op=False invalid_order_sig=False invalid_result_sig=False drop_checkpt_stmts=False for the forward shuttle:1 client:0 in Replica:3
[2022-11-16 11:03:30,630] replica.Replica<Replica:f0803#ReplicaNode3>:OUTPUT: Forward Shuttle:1 for Client:0 passed validation at Replica:3
[2022-11-16 11:03:30,631] replica.Replica<Replica:f0803#ReplicaNode3>:OUTPUT: Checkpoint :Running State Hash:b'2ac895ebfc36dc360e5b9710d6677dba60d3a61f5d0fa33e4e1b119f15cffb69' is created for running state:{'movie': 'tar'} and stored in history at slot 2 for Replica:3
[2022-11-16 11:03:30,632] replica.Replica<Replica:f0803#ReplicaNode3>:INFO: [Replica:3 runningState:{'movie': 'tar'} OperationName:slice OperationId:2 ]
[2022-11-16 11:03:30,633] replica.Replica<Replica:f0803#ReplicaNode3>:OUTPUT: result of operation is OK for Replica:3
[2022-11-16 11:03:30,634] replica.Replica<Replica:f0803#ReplicaNode3>:OUTPUT: Replica:3 order statement [slot,operationName,operationId,replicaId]:[2,slice,2,3] is signed,appended to order Proof
[2022-11-16 11:03:30,635] replica.Replica<Replica:f0803#ReplicaNode3>:OUTPUT: Replica:3 result statement [result_hash,operationName,operationId,replicaId]:[b'993c86df9aeaf07579b44943216571b94456b0228e65b6e09384701a7c4ab03f',slice,2,3] is signed,appended to result Proof
[2022-11-16 11:03:30,636] replica.Replica<Replica:f0803#ReplicaNode3>:OUTPUT: forward shuttle sent to next replica
[2022-11-16 11:03:30,647] replica.Replica<Replica:f0803#ReplicaNode3>:INFO: Replica:3 received forward shuttle:1 for client:1
[2022-11-16 11:03:30,648] replica.Replica<Replica:f0803#ReplicaNode3>:OUTPUT: Replica:3 {client:{message_type>messagecount} is :{0: {<MessageTypes.SHUTTLE: 2>: 1, <MessageTypes.RESULT_SHUTTLE: 3>: 0}, 1: {<MessageTypes.SHUTTLE: 2>: 1, <MessageTypes.RESULT_SHUTTLE: 3>: 0}}
[2022-11-16 11:03:30,648] replica.Replica<Replica:f0803#ReplicaNode3>:OUTPUT: Failure trigger is None , failure checks is  change_oper=False change_result=False drop_result=False change_privatekey=False remove_operationhistory=False crash=False truncate_history=False sleep=0 drop=False increment_slot=False extra_op=False invalid_order_sig=False invalid_result_sig=False drop_checkpt_stmts=False for the forward shuttle:1 client:1 in Replica:3
[2022-11-16 11:03:30,651] replica.Replica<Replica:f0803#ReplicaNode3>:OUTPUT: Forward Shuttle:1 for Client:1 passed validation at Replica:3
[2022-11-16 11:03:30,652] replica.Replica<Replica:f0803#ReplicaNode3>:OUTPUT: Checkpoint :Running State Hash:b'5ef146be22406a7e822ae6f28d362d8e0635fc819b60ad98b239e7b9719086dc' is created for running state:{'movie': 'stars'} and stored in history at slot 3 for Replica:3
[2022-11-16 11:03:30,653] replica.Replica<Replica:f0803#ReplicaNode3>:INFO: [Replica:3 runningState:{'movie': 'stars'} OperationName:put OperationId:2 ]
[2022-11-16 11:03:30,653] replica.Replica<Replica:f0803#ReplicaNode3>:OUTPUT: result of operation is OK for Replica:3
[2022-11-16 11:03:30,654] replica.Replica<Replica:f0803#ReplicaNode3>:OUTPUT: Replica:3 order statement [slot,operationName,operationId,replicaId]:[3,put,2,3] is signed,appended to order Proof
[2022-11-16 11:03:30,655] replica.Replica<Replica:f0803#ReplicaNode3>:OUTPUT: Replica:3 result statement [result_hash,operationName,operationId,replicaId]:[b'993c86df9aeaf07579b44943216571b94456b0228e65b6e09384701a7c4ab03f',put,2,3] is signed,appended to result Proof
[2022-11-16 11:03:30,656] replica.Replica<Replica:f0803#ReplicaNode3>:OUTPUT: forward shuttle sent to next replica
[2022-11-16 11:03:30,658] replica.Replica<Replica:f0803#ReplicaNode3>:INFO: Replica:3 received backward shuttle:1 for client:0
[2022-11-16 11:03:30,659] replica.Replica<Replica:f0803#ReplicaNode3>:OUTPUT: Replica:3 {client:{message_type>messagecount}:{0: {<MessageTypes.SHUTTLE: 2>: 1, <MessageTypes.RESULT_SHUTTLE: 3>: 1}, 1: {<MessageTypes.SHUTTLE: 2>: 1, <MessageTypes.RESULT_SHUTTLE: 3>: 0}}
[2022-11-16 11:03:30,660] replica.Replica<Replica:f0803#ReplicaNode3>:OUTPUT: Failure trigger is None , failure checks is  change_oper=False change_result=False drop_result=False change_privatekey=False remove_operationhistory=False crash=False truncate_history=False sleep=0 drop=False increment_slot=False extra_op=False invalid_order_sig=False invalid_result_sig=False drop_checkpt_stmts=False for the backward shuttle:1 client:0 in Replica:3
[2022-11-16 11:03:30,662] replica.Replica<Replica:f0803#ReplicaNode3>:OUTPUT: Result Proof is valid for Replica:3
[2022-11-16 11:03:30,663] replica.Replica<Replica:f0803#ReplicaNode3>:OUTPUT: Backward Shuttle:1 for client:0 passed validation at Replica:3
[2022-11-16 11:03:30,663] replica.Replica<Replica:f0803#ReplicaNode3>:INFO: [Replica:3 runningState:{'movie': 'stars'} OperationName:slice OperationId:2]
[2022-11-16 11:03:30,664] replica.Replica<Replica:f0803#ReplicaNode3>:OUTPUT: backward shuttle sent to previous replica
[2022-11-16 11:03:30,665] replica.Replica<Replica:f0803#ReplicaNode3>:INFO: Replica:3 received checkpoint forward shuttle:0 for slot:0
[2022-11-16 11:03:30,666] replica.Replica<Replica:f0803#ReplicaNode3>:OUTPUT: Replica:3 {replica:{message_type>messagecount} is :{<MessageTypes.NEW_CONFIGURATION: 7>: 0, <MessageTypes.CHECKPOINT: 4>: 0}
[2022-11-16 11:03:30,666] replica.Replica<Replica:f0803#ReplicaNode3>:OUTPUT: Failure trigger is None , failure checks is  change_oper=False change_result=False drop_result=False change_privatekey=False remove_operationhistory=False crash=False truncate_history=False sleep=0 drop=False increment_slot=False extra_op=False invalid_order_sig=False invalid_result_sig=False drop_checkpt_stmts=False for the checkpoint forward shuttle:0 slot:0 in Replica:3
[2022-11-16 11:03:30,668] replica.Replica<Replica:f0803#ReplicaNode3>:OUTPUT: Checkpoint Forward Shuttle:0 for slot:0 passed validation at Replica:3
[2022-11-16 11:03:30,669] replica.Replica<Replica:f0803#ReplicaNode3>:OUTPUT: CheckpointStatement [checkpointSlot:0,runningStateHash:b'8cc57ca43eb209139562a629272985648f822cfb567a21e0fd5f73b31c7034bb',] created at replica:3 for slot 0

[2022-11-16 11:03:30,670] replica.Replica<Replica:f0803#ReplicaNode3>:OUTPUT: CheckpointSt is appended to CheckpointShuttle checkpointSlot:0
 checkpointStatement:b"z?\x10F\xd2\xc0R\xc3\\t\xfc\xf4'\xd9\xfa\xc9(\x83\xd75\xf0{\xe3d\x84_P\x1b\xb8\xb4\xf8\x1a\xe6T\x01\xa6Z\xb1\x88\xa1\x83\xbf\xd6U\xc4j\x9d9\xbd\xfe\x12\xe7\x96%\xb7\xab\t\xa4\xe6#By\x06\x05\x80\x03cCheckpointStatement\nCheckpointStatement\nq\x00)\x81q\x01}q\x02(X\x0e\x00\x00\x00checkpointSlotq\x03K\x00X\x10\x00\x00\x00runningStateHashq\x04C@8cc57ca43eb209139562a629272985648f822cfb567a21e0fd5f73b31c7034bbq\x05ub.",b'\xb4\xf90\xa3[\xef\x14\x02Q/\x94"\xac\x0cS\x11\xc8\xb4\xef\x8e!c\xd5\x1c\x00\xaf\x1d6f\xf4GPA..\xfaP\xd1M\x92\xc0(\xf0\xd6\x16\'\x947\xf9]&\xb4"\xb3(\x12\x99RZ\x82\xe7P\xb4\x01\x80\x03cCheckpointStatement\nCheckpointStatement\nq\x00)\x81q\x01}q\x02(X\x0e\x00\x00\x00checkpointSlotq\x03K\x00X\x10\x00\x00\x00runningStateHashq\x04C@8cc57ca43eb209139562a629272985648f822cfb567a21e0fd5f73b31c7034bbq\x05ub.',b'\xa6\x1d\xe7\xabqE\x81\xf3\xcc\xca\xd4Q\x13B\xd6\x11_\xdf\xe5\xc8\xb8\xa1\xc2\xbd\x9343X\xf3\xc2\x08*i\x88x\x85t\x906\xdcA\xfc\x9e\xfe<\xfd\xf9\xf4\x99f\xeaq\x12!\x84\xfcjGv!`g,\r\x80\x03cCheckpointStatement\nCheckpointStatement\nq\x00)\x81q\x01}q\x02(X\x0e\x00\x00\x00checkpointSlotq\x03K\x00X\x10\x00\x00\x00runningStateHashq\x04C@8cc57ca43eb209139562a629272985648f822cfb567a21e0fd5f73b31c7034bbq\x05ub.',b'$\x89)\x90\x0f)\xe1\xfdH\xc8\x17$"\xca\xe9\x981&\x8bh*\x98\x02dK\xb1\xe3F7\xad,\xa3\xa3\xd9]*\xad1\xac\xb0\x1c\xa2\x98\xec\x0fCz\xaf\x85*\xa1\x96P\xffX(6t\xc0\x1f,5\xff\n\x80\x03cCheckpointStatement\nCheckpointStatement\nq\x00)\x81q\x01}q\x02(X\x0e\x00\x00\x00checkpointSlotq\x03K\x00X\x10\x00\x00\x00runningStateHashq\x04C@8cc57ca43eb209139562a629272985648f822cfb567a21e0fd5f73b31c7034bbq\x05ub.' at replica:3 for slot 0

[2022-11-16 11:03:30,671] replica.Replica<Replica:f0803#ReplicaNode3>:OUTPUT: forward shuttle sent to next replica
[2022-11-16 11:03:30,672] replica.Replica<Replica:f0803#ReplicaNode3>:INFO: Replica:3 received checkpoint forward shuttle:1 for slot:1
[2022-11-16 11:03:30,672] replica.Replica<Replica:f0803#ReplicaNode3>:OUTPUT: Replica:3 {replica:{message_type>messagecount} is :{<MessageTypes.NEW_CONFIGURATION: 7>: 0, <MessageTypes.CHECKPOINT: 4>: 1}
[2022-11-16 11:03:30,673] replica.Replica<Replica:f0803#ReplicaNode3>:OUTPUT: Failure trigger is None , failure checks is  change_oper=False change_result=False drop_result=False change_privatekey=False remove_operationhistory=False crash=False truncate_history=False sleep=0 drop=False increment_slot=False extra_op=False invalid_order_sig=False invalid_result_sig=False drop_checkpt_stmts=False for the checkpoint forward shuttle:1 slot:1 in Replica:3
[2022-11-16 11:03:30,675] replica.Replica<Replica:f0803#ReplicaNode3>:OUTPUT: Checkpoint Forward Shuttle:1 for slot:1 passed validation at Replica:3
[2022-11-16 11:03:30,675] replica.Replica<Replica:f0803#ReplicaNode3>:OUTPUT: CheckpointStatement [checkpointSlot:1,runningStateHash:b'8cc57ca43eb209139562a629272985648f822cfb567a21e0fd5f73b31c7034bb',] created at replica:3 for slot 1

[2022-11-16 11:03:30,677] replica.Replica<Replica:f0803#ReplicaNode3>:OUTPUT: CheckpointSt is appended to CheckpointShuttle checkpointSlot:1
 checkpointStatement:b'\x9c\xb5\x85&\xa4\xaa\xb7\x19oDK\xad\xee\xe7\xfd\xcear\xfe\xe7Xr\xaf8L.\xfe?U\xc8\xcb\xbe\t\xe4\xe9\xda\xec\xbcF\xc5\xf6\xca\xf0\x98\xe8\x0f\xbc8\xf7rC\xc6\x82\xc7\x91\xf1\x1a\x11\xd1^fW4\x05\x80\x03cCheckpointStatement\nCheckpointStatement\nq\x00)\x81q\x01}q\x02(X\x0e\x00\x00\x00checkpointSlotq\x03K\x01X\x10\x00\x00\x00runningStateHashq\x04C@8cc57ca43eb209139562a629272985648f822cfb567a21e0fd5f73b31c7034bbq\x05ub.',b'J\xfc-\x8f\tR\xdd\xc25\xc1\xd9\xbe2\xda\x84x6][1\x8f\xbe\xa9TFH\xf2\xcb\xaf\x02\xab>\xab\x13\x9c\x80\x13\x85:C\x853^q\x98G\xbc\xc6\rz\xbf\xbd\x93O%\xbc\n\xb5T\xa9\x0bQ\xce\x0b\x80\x03cCheckpointStatement\nCheckpointStatement\nq\x00)\x81q\x01}q\x02(X\x0e\x00\x00\x00checkpointSlotq\x03K\x01X\x10\x00\x00\x00runningStateHashq\x04C@8cc57ca43eb209139562a629272985648f822cfb567a21e0fd5f73b31c7034bbq\x05ub.',b'&\n\xb4+c\x87l\x08l\xe3{\xa1\x94\xc9\xed\xf4\xa8\x84\xdag\x02\xa6Y2\xc45\xc5\xc4\x0f\xd6}*m\x0f\x06\xec\x1dY\xea\x9b`\xbfNx\xa6\x93"um\xc2\xff\xe4"\xcc\x93\x10\x81\x0e\xa7tN7\x90\x07\x80\x03cCheckpointStatement\nCheckpointStatement\nq\x00)\x81q\x01}q\x02(X\x0e\x00\x00\x00checkpointSlotq\x03K\x01X\x10\x00\x00\x00runningStateHashq\x04C@8cc57ca43eb209139562a629272985648f822cfb567a21e0fd5f73b31c7034bbq\x05ub.',b'\xf3\x85\xbc\x88\xe3\xc49=\xebY\x15W\xc2\xf3\x9a\xf0\xba\xd9\xf4\xbc\x816\x80\x8d\xf1\xaf\x87zF\xf5\\\x14\xab\x7fpf\xca\xe1\x97\xa8\\L0>\xa0\xf6\xad\x1ahN\xeb\x9aIM\x11\xcdn\x04\x13P\xec\xfd\x07\x06\x80\x03cCheckpointStatement\nCheckpointStatement\nq\x00)\x81q\x01}q\x02(X\x0e\x00\x00\x00checkpointSlotq\x03K\x01X\x10\x00\x00\x00runningStateHashq\x04C@8cc57ca43eb209139562a629272985648f822cfb567a21e0fd5f73b31c7034bbq\x05ub.' at replica:3 for slot 1

[2022-11-16 11:03:30,678] replica.Replica<Replica:f0803#ReplicaNode3>:OUTPUT: forward shuttle sent to next replica
[2022-11-16 11:03:30,680] replica.Replica<Replica:f0803#ReplicaNode3>:INFO: Replica:3 received backward shuttle:1 for client:1
[2022-11-16 11:03:30,681] replica.Replica<Replica:f0803#ReplicaNode3>:OUTPUT: Replica:3 {client:{message_type>messagecount}:{0: {<MessageTypes.SHUTTLE: 2>: 1, <MessageTypes.RESULT_SHUTTLE: 3>: 1}, 1: {<MessageTypes.SHUTTLE: 2>: 1, <MessageTypes.RESULT_SHUTTLE: 3>: 1}}
[2022-11-16 11:03:30,682] replica.Replica<Replica:f0803#ReplicaNode3>:OUTPUT: Failure trigger is None , failure checks is  change_oper=False change_result=False drop_result=False change_privatekey=False remove_operationhistory=False crash=False truncate_history=False sleep=0 drop=False increment_slot=False extra_op=False invalid_order_sig=False invalid_result_sig=False drop_checkpt_stmts=False for the backward shuttle:1 client:1 in Replica:3
[2022-11-16 11:03:30,686] replica.Replica<Replica:f0803#ReplicaNode3>:OUTPUT: Result Proof is valid for Replica:3
[2022-11-16 11:03:30,687] replica.Replica<Replica:f0803#ReplicaNode3>:OUTPUT: Backward Shuttle:1 for client:1 passed validation at Replica:3
[2022-11-16 11:03:30,688] replica.Replica<Replica:f0803#ReplicaNode3>:INFO: [Replica:3 runningState:{'movie': 'stars'} OperationName:put OperationId:2]
[2022-11-16 11:03:30,690] replica.Replica<Replica:f0803#ReplicaNode3>:OUTPUT: backward shuttle sent to previous replica
[2022-11-16 11:03:30,692] replica.Replica<Replica:f0803#ReplicaNode3>:INFO: Replica:3 received completed checkpoint proof shuttle:0 for slot:0
[2022-11-16 11:03:30,693] replica.Replica<Replica:f0803#ReplicaNode3>:OUTPUT: Replica:3 {replica:{message_type>messagecount} is :{<MessageTypes.NEW_CONFIGURATION: 7>: 0, <MessageTypes.CHECKPOINT: 4>: 1, <MessageTypes.COMPLETED_CHECKPOINT: 5>: 0}
[2022-11-16 11:03:30,694] replica.Replica<Replica:f0803#ReplicaNode3>:OUTPUT: Failure trigger is None , failure checks is  change_oper=False change_result=False drop_result=False change_privatekey=False remove_operationhistory=False crash=False truncate_history=False sleep=0 drop=False increment_slot=False extra_op=False invalid_order_sig=False invalid_result_sig=False drop_checkpt_stmts=False for the completed checkpoint proof shuttle:0 slot:0 in Replica:3
[2022-11-16 11:03:30,696] replica.Replica<Replica:f0803#ReplicaNode3>:OUTPUT: Completed Chcekpoint Proof Shuttle:0 for slot:0 passed validation at Replica:3
[2022-11-16 11:03:30,697] replica.Replica<Replica:f0803#ReplicaNode3>:OUTPUT: Truncated History is {1=[operation :  ID:1 Name:get Key:movie Value:None Client ID: <Client:f0c11#ClientNode> Logical Clock0 ClientNum 1],2=[operation :  ID:2 Name:slice Key:movie Value:1:4 Client ID: <Client:f0c12#ClientNode> Logical Clock24 ClientNum 0],3=[operation :  ID:2 Name:put Key:movie Value:stars Client ID: <Client:f0c11#ClientNode> Logical Clock27 ClientNum 1]} after checkpointing at slot 0 for replica:3

[2022-11-16 11:03:30,699] replica.Replica<Replica:f0803#ReplicaNode3>:OUTPUT: Completed Chcekpoint Proof Shuttle sent to previous replica
[2022-11-16 11:03:30,702] replica.Replica<Replica:f0803#ReplicaNode3>:INFO: Replica:3 received done from olympus
[2022-11-16 11:03:30,703] replica.Replica<Replica:f0803#ReplicaNode3>:OUTPUT: replica send done to olympus
[2022-11-16 11:03:30,704] replica.Replica<Replica:f0803#ReplicaNode3>:INFO: replica3 time to terminate:True,state:State.IMMUTABLE
[2022-11-16 11:05:56,874] da.api<MainProcess>:WARNING: Received keyboard interrupt. 
