[2022-11-16 10:22:00,196] da.sim.Router<MainProcess>:INFO: Bootstrap succeeded using <UdpTransport(127.0.0.1:23102)>.
[2022-11-16 10:22:00,197] da.api<MainProcess>:INFO: <NodeProcess:ReplicaNode4> initialized at 127.0.0.1:(UdpTransport=23102, TcpTransport=39900).
[2022-11-16 10:22:00,197] da.api<MainProcess>:INFO: Starting program <module 'replica' from '/Users/prashant/Desktop/BCR/src/replica.py'>...
[2022-11-16 10:22:00,197] da.api<MainProcess>:INFO: Running iteration 1 ...
[2022-11-16 10:22:00,198] da.api<MainProcess>:INFO: Waiting for remaining child processes to terminate...(Press "Ctrl-C" to force kill)
[2022-11-16 10:22:02,929] replica.Replica<Replica:dcc02#ReplicaNode4>:INFO: Starting Replica
[2022-11-16 10:22:02,936] replica.Replica<Replica:dcc02#ReplicaNode4>:INFO: Replica:4 received init_hist:0 from olympus
[2022-11-16 10:22:02,936] replica.Replica<Replica:dcc02#ReplicaNode4>:OUTPUT: Replica:4 {message_type>messagecount} is {<MessageTypes.NEW_CONFIGURATION: 7>: 0}
, {client:{message_type>messagecount} is :{}
[2022-11-16 10:22:02,937] replica.Replica<Replica:dcc02#ReplicaNode4>:OUTPUT: Failure trigger is None , failure checks is  change_oper=False change_result=False drop_result=False change_privatekey=False remove_operationhistory=False crash=False truncate_history=False sleep=0 drop=False increment_slot=False extra_op=False invalid_order_sig=False invalid_result_sig=False drop_checkpt_stmts=False for the init_hist:0  in Replica:4
[2022-11-16 10:22:02,937] replica.Replica<Replica:dcc02#ReplicaNode4>:INFO: replica 4 received inithist from olympus runningState:{}  slot:-1
[2022-11-16 10:22:02,938] replica.Replica<Replica:dcc02#ReplicaNode4>:INFO: Replica 4 is tail
[2022-11-16 10:22:02,996] replica.Replica<Replica:dcc02#ReplicaNode4>:INFO: Replica:4 received forward shuttle:0 for client:0
[2022-11-16 10:22:02,996] replica.Replica<Replica:dcc02#ReplicaNode4>:OUTPUT: Replica:4 {client:{message_type>messagecount} is :{0: {<MessageTypes.SHUTTLE: 2>: 0}}
[2022-11-16 10:22:02,997] replica.Replica<Replica:dcc02#ReplicaNode4>:OUTPUT: Failure trigger is None , failure checks is  change_oper=False change_result=False drop_result=False change_privatekey=False remove_operationhistory=False crash=False truncate_history=False sleep=0 drop=False increment_slot=False extra_op=False invalid_order_sig=False invalid_result_sig=False drop_checkpt_stmts=False for the forward shuttle:0 client:0 in Replica:4
[2022-11-16 10:22:02,999] replica.Replica<Replica:dcc02#ReplicaNode4>:OUTPUT: Forward Shuttle:0 for Client:0 passed validation at Replica:4
[2022-11-16 10:22:03,000] replica.Replica<Replica:dcc02#ReplicaNode4>:OUTPUT: Checkpoint :Running State Hash:b'8cc57ca43eb209139562a629272985648f822cfb567a21e0fd5f73b31c7034bb' is created for running state:{'movie': 'star'} and stored in history at slot 0 for Replica:4
[2022-11-16 10:22:03,001] replica.Replica<Replica:dcc02#ReplicaNode4>:INFO: [Replica:4 runningState:{'movie': 'star'} OperationName:put OperationId:1 ]
[2022-11-16 10:22:03,001] replica.Replica<Replica:dcc02#ReplicaNode4>:OUTPUT: result of operation is OK for Replica:4
[2022-11-16 10:22:03,002] replica.Replica<Replica:dcc02#ReplicaNode4>:OUTPUT: Replica:4 order statement [slot,operationName,operationId,replicaId]:[0,put,1,4] is signed,appended to order Proof
[2022-11-16 10:22:03,003] replica.Replica<Replica:dcc02#ReplicaNode4>:OUTPUT: Replica:4 result statement [result_hash,operationName,operationId,replicaId]:[b'993c86df9aeaf07579b44943216571b94456b0228e65b6e09384701a7c4ab03f',put,1,4] is signed,appended to result Proof
[2022-11-16 10:22:03,007] replica.Replica<Replica:dcc02#ReplicaNode4>:OUTPUT: client result shuttle sent from tail to client:0
[2022-11-16 10:22:03,011] replica.Replica<Replica:dcc02#ReplicaNode4>:OUTPUT: backward shuttle generated from tail
[2022-11-16 10:22:03,025] replica.Replica<Replica:dcc02#ReplicaNode4>:INFO: Replica:4 received done from olympus
[2022-11-16 10:22:03,026] replica.Replica<Replica:dcc02#ReplicaNode4>:OUTPUT: replica send done to olympus
[2022-11-16 10:22:03,027] replica.Replica<Replica:dcc02#ReplicaNode4>:INFO: replica4 time to terminate:True,state:State.IMMUTABLE
[2022-11-16 10:22:07,369] replica.Replica<Replica:dcc03#ReplicaNode4>:INFO: Starting Replica
[2022-11-16 10:22:07,375] replica.Replica<Replica:dcc03#ReplicaNode4>:INFO: Replica:4 received init_hist:0 from olympus
[2022-11-16 10:22:07,376] replica.Replica<Replica:dcc03#ReplicaNode4>:OUTPUT: Replica:4 {message_type>messagecount} is {<MessageTypes.NEW_CONFIGURATION: 7>: 0}
, {client:{message_type>messagecount} is :{}
[2022-11-16 10:22:07,377] replica.Replica<Replica:dcc03#ReplicaNode4>:OUTPUT: Failure trigger is None , failure checks is  change_oper=False change_result=False drop_result=False change_privatekey=False remove_operationhistory=False crash=False truncate_history=False sleep=0 drop=False increment_slot=False extra_op=False invalid_order_sig=False invalid_result_sig=False drop_checkpt_stmts=False for the init_hist:0  in Replica:4
[2022-11-16 10:22:07,377] replica.Replica<Replica:dcc03#ReplicaNode4>:INFO: replica 4 received inithist from olympus runningState:{}  slot:-1
[2022-11-16 10:22:07,378] replica.Replica<Replica:dcc03#ReplicaNode4>:INFO: Replica 4 is tail
[2022-11-16 10:22:07,446] replica.Replica<Replica:dcc03#ReplicaNode4>:INFO: Replica:4 received forward shuttle:0 for client:0
[2022-11-16 10:22:07,446] replica.Replica<Replica:dcc03#ReplicaNode4>:OUTPUT: Replica:4 {client:{message_type>messagecount} is :{0: {<MessageTypes.SHUTTLE: 2>: 0}}
[2022-11-16 10:22:07,447] replica.Replica<Replica:dcc03#ReplicaNode4>:OUTPUT: Failure trigger is None , failure checks is  change_oper=False change_result=False drop_result=False change_privatekey=False remove_operationhistory=False crash=False truncate_history=False sleep=0 drop=False increment_slot=False extra_op=False invalid_order_sig=False invalid_result_sig=False drop_checkpt_stmts=False for the forward shuttle:0 client:0 in Replica:4
[2022-11-16 10:22:07,449] replica.Replica<Replica:dcc03#ReplicaNode4>:OUTPUT: Forward Shuttle:0 for Client:0 passed validation at Replica:4
[2022-11-16 10:22:07,451] replica.Replica<Replica:dcc03#ReplicaNode4>:OUTPUT: Checkpoint :Running State Hash:b'8cc57ca43eb209139562a629272985648f822cfb567a21e0fd5f73b31c7034bb' is created for running state:{'movie': 'star'} and stored in history at slot 0 for Replica:4
[2022-11-16 10:22:07,452] replica.Replica<Replica:dcc03#ReplicaNode4>:INFO: [Replica:4 runningState:{'movie': 'star'} OperationName:put OperationId:1 ]
[2022-11-16 10:22:07,452] replica.Replica<Replica:dcc03#ReplicaNode4>:OUTPUT: result of operation is OK for Replica:4
[2022-11-16 10:22:07,453] replica.Replica<Replica:dcc03#ReplicaNode4>:OUTPUT: Replica:4 order statement [slot,operationName,operationId,replicaId]:[0,put,1,4] is signed,appended to order Proof
[2022-11-16 10:22:07,454] replica.Replica<Replica:dcc03#ReplicaNode4>:OUTPUT: Replica:4 result statement [result_hash,operationName,operationId,replicaId]:[b'993c86df9aeaf07579b44943216571b94456b0228e65b6e09384701a7c4ab03f',put,1,4] is signed,appended to result Proof
[2022-11-16 10:22:07,458] replica.Replica<Replica:dcc03#ReplicaNode4>:OUTPUT: client result shuttle sent from tail to client:0
[2022-11-16 10:22:07,462] replica.Replica<Replica:dcc03#ReplicaNode4>:OUTPUT: backward shuttle generated from tail
[2022-11-16 10:22:07,463] replica.Replica<Replica:dcc03#ReplicaNode4>:INFO: Replica:4 received forward shuttle:0 for client:1
[2022-11-16 10:22:07,463] replica.Replica<Replica:dcc03#ReplicaNode4>:OUTPUT: Replica:4 {client:{message_type>messagecount} is :{0: {<MessageTypes.SHUTTLE: 2>: 0}, 1: {<MessageTypes.SHUTTLE: 2>: 0}}
[2022-11-16 10:22:07,464] replica.Replica<Replica:dcc03#ReplicaNode4>:OUTPUT: Failure trigger is None , failure checks is  change_oper=False change_result=False drop_result=False change_privatekey=False remove_operationhistory=False crash=False truncate_history=False sleep=0 drop=False increment_slot=False extra_op=False invalid_order_sig=False invalid_result_sig=False drop_checkpt_stmts=False for the forward shuttle:0 client:1 in Replica:4
[2022-11-16 10:22:07,467] replica.Replica<Replica:dcc03#ReplicaNode4>:OUTPUT: Forward Shuttle:0 for Client:1 passed validation at Replica:4
[2022-11-16 10:22:07,468] replica.Replica<Replica:dcc03#ReplicaNode4>:OUTPUT: Checkpoint :Running State Hash:b'8cc57ca43eb209139562a629272985648f822cfb567a21e0fd5f73b31c7034bb' is created for running state:{'movie': 'star'} and stored in history at slot 1 for Replica:4
[2022-11-16 10:22:07,469] replica.Replica<Replica:dcc03#ReplicaNode4>:INFO: [Replica:4 runningState:{'movie': 'star'} OperationName:get OperationId:1 ]
[2022-11-16 10:22:07,469] replica.Replica<Replica:dcc03#ReplicaNode4>:OUTPUT: result of operation is star for Replica:4
[2022-11-16 10:22:07,469] replica.Replica<Replica:dcc03#ReplicaNode4>:OUTPUT: Replica:4 order statement [slot,operationName,operationId,replicaId]:[1,get,1,4] is signed,appended to order Proof
[2022-11-16 10:22:07,470] replica.Replica<Replica:dcc03#ReplicaNode4>:OUTPUT: Replica:4 result statement [result_hash,operationName,operationId,replicaId]:[b'6b06ac1727d0c4a1a0f73572e0f1c7cdc6aec0ad5a4580035b225fa66fb21560',get,1,4] is signed,appended to result Proof
[2022-11-16 10:22:07,475] replica.Replica<Replica:dcc03#ReplicaNode4>:OUTPUT: client result shuttle sent from tail to client:1
[2022-11-16 10:22:07,477] replica.Replica<Replica:dcc03#ReplicaNode4>:OUTPUT: backward shuttle generated from tail
[2022-11-16 10:22:07,508] replica.Replica<Replica:dcc03#ReplicaNode4>:INFO: Replica:4 received forward shuttle:1 for client:0
[2022-11-16 10:22:07,509] replica.Replica<Replica:dcc03#ReplicaNode4>:OUTPUT: Replica:4 {client:{message_type>messagecount} is :{0: {<MessageTypes.SHUTTLE: 2>: 1}, 1: {<MessageTypes.SHUTTLE: 2>: 0}}
[2022-11-16 10:22:07,510] replica.Replica<Replica:dcc03#ReplicaNode4>:OUTPUT: Failure trigger is None , failure checks is  change_oper=False change_result=False drop_result=False change_privatekey=False remove_operationhistory=False crash=False truncate_history=False sleep=0 drop=False increment_slot=False extra_op=False invalid_order_sig=False invalid_result_sig=False drop_checkpt_stmts=False for the forward shuttle:1 client:0 in Replica:4
[2022-11-16 10:22:07,512] replica.Replica<Replica:dcc03#ReplicaNode4>:OUTPUT: Forward Shuttle:1 for Client:0 passed validation at Replica:4
[2022-11-16 10:22:07,513] replica.Replica<Replica:dcc03#ReplicaNode4>:OUTPUT: Checkpoint :Running State Hash:b'2ac895ebfc36dc360e5b9710d6677dba60d3a61f5d0fa33e4e1b119f15cffb69' is created for running state:{'movie': 'tar'} and stored in history at slot 2 for Replica:4
[2022-11-16 10:22:07,514] replica.Replica<Replica:dcc03#ReplicaNode4>:INFO: [Replica:4 runningState:{'movie': 'tar'} OperationName:slice OperationId:2 ]
[2022-11-16 10:22:07,514] replica.Replica<Replica:dcc03#ReplicaNode4>:OUTPUT: result of operation is OK for Replica:4
[2022-11-16 10:22:07,514] replica.Replica<Replica:dcc03#ReplicaNode4>:OUTPUT: Replica:4 order statement [slot,operationName,operationId,replicaId]:[2,slice,2,4] is signed,appended to order Proof
[2022-11-16 10:22:07,515] replica.Replica<Replica:dcc03#ReplicaNode4>:OUTPUT: Replica:4 result statement [result_hash,operationName,operationId,replicaId]:[b'993c86df9aeaf07579b44943216571b94456b0228e65b6e09384701a7c4ab03f',slice,2,4] is signed,appended to result Proof
[2022-11-16 10:22:07,517] replica.Replica<Replica:dcc03#ReplicaNode4>:OUTPUT: client result shuttle sent from tail to client:0
[2022-11-16 10:22:07,519] replica.Replica<Replica:dcc03#ReplicaNode4>:OUTPUT: backward shuttle generated from tail
[2022-11-16 10:22:07,530] replica.Replica<Replica:dcc03#ReplicaNode4>:INFO: Replica:4 received forward shuttle:1 for client:1
[2022-11-16 10:22:07,530] replica.Replica<Replica:dcc03#ReplicaNode4>:OUTPUT: Replica:4 {client:{message_type>messagecount} is :{0: {<MessageTypes.SHUTTLE: 2>: 1}, 1: {<MessageTypes.SHUTTLE: 2>: 1}}
[2022-11-16 10:22:07,531] replica.Replica<Replica:dcc03#ReplicaNode4>:OUTPUT: Failure trigger is None , failure checks is  change_oper=False change_result=False drop_result=False change_privatekey=False remove_operationhistory=False crash=False truncate_history=False sleep=0 drop=False increment_slot=False extra_op=False invalid_order_sig=False invalid_result_sig=False drop_checkpt_stmts=False for the forward shuttle:1 client:1 in Replica:4
[2022-11-16 10:22:07,533] replica.Replica<Replica:dcc03#ReplicaNode4>:OUTPUT: Forward Shuttle:1 for Client:1 passed validation at Replica:4
[2022-11-16 10:22:07,535] replica.Replica<Replica:dcc03#ReplicaNode4>:OUTPUT: Checkpoint :Running State Hash:b'5ef146be22406a7e822ae6f28d362d8e0635fc819b60ad98b239e7b9719086dc' is created for running state:{'movie': 'stars'} and stored in history at slot 3 for Replica:4
[2022-11-16 10:22:07,535] replica.Replica<Replica:dcc03#ReplicaNode4>:INFO: [Replica:4 runningState:{'movie': 'stars'} OperationName:put OperationId:2 ]
[2022-11-16 10:22:07,536] replica.Replica<Replica:dcc03#ReplicaNode4>:OUTPUT: result of operation is OK for Replica:4
[2022-11-16 10:22:07,536] replica.Replica<Replica:dcc03#ReplicaNode4>:OUTPUT: Replica:4 order statement [slot,operationName,operationId,replicaId]:[3,put,2,4] is signed,appended to order Proof
[2022-11-16 10:22:07,537] replica.Replica<Replica:dcc03#ReplicaNode4>:OUTPUT: Replica:4 result statement [result_hash,operationName,operationId,replicaId]:[b'993c86df9aeaf07579b44943216571b94456b0228e65b6e09384701a7c4ab03f',put,2,4] is signed,appended to result Proof
[2022-11-16 10:22:07,538] replica.Replica<Replica:dcc03#ReplicaNode4>:OUTPUT: client result shuttle sent from tail to client:1
[2022-11-16 10:22:07,539] replica.Replica<Replica:dcc03#ReplicaNode4>:OUTPUT: backward shuttle generated from tail
[2022-11-16 10:22:07,545] replica.Replica<Replica:dcc03#ReplicaNode4>:INFO: Replica:4 received checkpoint forward shuttle:0 for slot:0
[2022-11-16 10:22:07,545] replica.Replica<Replica:dcc03#ReplicaNode4>:OUTPUT: Replica:4 {replica:{message_type>messagecount} is :{<MessageTypes.NEW_CONFIGURATION: 7>: 0, <MessageTypes.CHECKPOINT: 4>: 0}
[2022-11-16 10:22:07,546] replica.Replica<Replica:dcc03#ReplicaNode4>:OUTPUT: Failure trigger is None , failure checks is  change_oper=False change_result=False drop_result=False change_privatekey=False remove_operationhistory=False crash=False truncate_history=False sleep=0 drop=False increment_slot=False extra_op=False invalid_order_sig=False invalid_result_sig=False drop_checkpt_stmts=False for the checkpoint forward shuttle:0 slot:0 in Replica:4
[2022-11-16 10:22:07,549] replica.Replica<Replica:dcc03#ReplicaNode4>:OUTPUT: Checkpoint Forward Shuttle:0 for slot:0 passed validation at Replica:4
[2022-11-16 10:22:07,550] replica.Replica<Replica:dcc03#ReplicaNode4>:OUTPUT: CheckpointStatement [checkpointSlot:0,runningStateHash:b'8cc57ca43eb209139562a629272985648f822cfb567a21e0fd5f73b31c7034bb',] created at replica:4 for slot 0

[2022-11-16 10:22:07,552] replica.Replica<Replica:dcc03#ReplicaNode4>:OUTPUT: CheckpointSt is appended to CheckpointShuttle checkpointSlot:0
 checkpointStatement:b'\xc6\xedt\x15\xa9\x9e)X\x95\xa4,}\x05\t7\x05\xddm\xa0B@\x1f\xb9\x0e\x1a\xb0\xa8X<3\x1dp\x0e\x01\xb0u\x85\x92\xf3\x0e\xfe\x99\xfd\x8a\xea\x90\xed3\xbc\xc4\xec\xa2\xb6z8\x7f\x1b\x12ctg\xd1\\\x02\x80\x03cCheckpointStatement\nCheckpointStatement\nq\x00)\x81q\x01}q\x02(X\x0e\x00\x00\x00checkpointSlotq\x03K\x00X\x10\x00\x00\x00runningStateHashq\x04C@8cc57ca43eb209139562a629272985648f822cfb567a21e0fd5f73b31c7034bbq\x05ub.',b"YN\x86\xd7'h\xd3\xae\x81D\r?5S\xef\xb1*\xe8\x97\x15 u\xa7\xd1\x9bT\x96\xf5\xb8\x10l\x16\xf0\xf7%\x0e\x03\xd0\x99\xa1\x14\x98\xd9\xbd*#\x0brEZ\xd9\xfc\x01\xfe\x13Y\xac\xfaZ\x01\x06\x1a7\x07\x80\x03cCheckpointStatement\nCheckpointStatement\nq\x00)\x81q\x01}q\x02(X\x0e\x00\x00\x00checkpointSlotq\x03K\x00X\x10\x00\x00\x00runningStateHashq\x04C@8cc57ca43eb209139562a629272985648f822cfb567a21e0fd5f73b31c7034bbq\x05ub.",b'\xc3P\x86\xe1?\xda\xc2\x84\xe9%e\x87\xa4\x85\xb3\xa2\x96~\xd8\x9d\xb2\x96\xa6\x80\xa6\xf0\xff@\xeb"\xfd\xc0\xee\xde\xf9\xfc8\xf3[9\xdb\x02t\xb6\xb7\xfb\xbcf\x97f\xd3\xd9\xe4x\xa2\xb1I\x0b\x9aviHv\x06\x80\x03cCheckpointStatement\nCheckpointStatement\nq\x00)\x81q\x01}q\x02(X\x0e\x00\x00\x00checkpointSlotq\x03K\x00X\x10\x00\x00\x00runningStateHashq\x04C@8cc57ca43eb209139562a629272985648f822cfb567a21e0fd5f73b31c7034bbq\x05ub.',b'\xbeC\t\x99\xe7hS\xcad(\x02m<\xdf\xe0^\xb8YIu\xdag\xaa\xaa\xebd\xc9\x06\xc3F\xda\xd8\x9b\x87\x1byD\x0eyMG\xb7+\xd7x\x81\xda!\xea\xe5`\xed%\r\xf3\xe9m*\xaa^_\xb9h\n\x80\x03cCheckpointStatement\nCheckpointStatement\nq\x00)\x81q\x01}q\x02(X\x0e\x00\x00\x00checkpointSlotq\x03K\x00X\x10\x00\x00\x00runningStateHashq\x04C@8cc57ca43eb209139562a629272985648f822cfb567a21e0fd5f73b31c7034bbq\x05ub.',b'\xf8\xe6Y\x15\xc3\xa2\xc0\xd0^\x82P\xa1\x87/\xa8\xdcq-\xb8\xe2n\xa9\xe1\xfaR\xa0\x88\x8b.\xe58\xdb\xb3\xae\xd0f\x07\xfeG\x9bn?\xc8\xc6\xd9\xc6\x92\x83\xb3\xd6\xa3\xc0\x9c\x95\xcd\x97\xf4\x82i\x02\x1c\x95\xcb\x02\x80\x03cCheckpointStatement\nCheckpointStatement\nq\x00)\x81q\x01}q\x02(X\x0e\x00\x00\x00checkpointSlotq\x03K\x00X\x10\x00\x00\x00runningStateHashq\x04C@8cc57ca43eb209139562a629272985648f822cfb567a21e0fd5f73b31c7034bbq\x05ub.' at replica:4 for slot 0

[2022-11-16 10:22:07,553] replica.Replica<Replica:dcc03#ReplicaNode4>:OUTPUT: Truncated History is {1=[operation :  ID:1 Name:get Key:movie Value:None Client ID: <Client:86c12#ClientNode> Logical Clock0 ClientNum 1],2=[operation :  ID:2 Name:slice Key:movie Value:1:4 Client ID: <Client:86c11#ClientNode> Logical Clock24 ClientNum 0],3=[operation :  ID:2 Name:put Key:movie Value:stars Client ID: <Client:86c12#ClientNode> Logical Clock27 ClientNum 1]} after checkpointing at slot 0 for replica:4

[2022-11-16 10:22:07,555] replica.Replica<Replica:dcc03#ReplicaNode4>:OUTPUT: completed checkpoint proof shuttle generated from tail
[2022-11-16 10:22:07,565] replica.Replica<Replica:dcc03#ReplicaNode4>:INFO: Replica:4 received done from olympus
[2022-11-16 10:22:07,566] replica.Replica<Replica:dcc03#ReplicaNode4>:OUTPUT: replica send done to olympus
[2022-11-16 10:22:07,567] replica.Replica<Replica:dcc03#ReplicaNode4>:INFO: replica4 time to terminate:True,state:State.IMMUTABLE
[2022-11-16 10:25:30,290] da.api<MainProcess>:WARNING: Received keyboard interrupt. 
[2022-11-16 11:02:26,394] da.sim.Router<MainProcess>:INFO: Bootstrap succeeded using <UdpTransport(127.0.0.1:28780)>.
[2022-11-16 11:02:26,395] da.api<MainProcess>:INFO: <NodeProcess:ReplicaNode4> initialized at 127.0.0.1:(UdpTransport=28780, TcpTransport=20681).
[2022-11-16 11:02:26,395] da.api<MainProcess>:INFO: Starting program <module 'replica' from '/Users/prashant/Desktop/BCR/src/replica.py'>...
[2022-11-16 11:02:26,396] da.api<MainProcess>:INFO: Running iteration 1 ...
[2022-11-16 11:02:26,396] da.api<MainProcess>:INFO: Waiting for remaining child processes to terminate...(Press "Ctrl-C" to force kill)
[2022-11-16 11:02:56,334] da.api<MainProcess>:WARNING: Received keyboard interrupt. 
[2022-11-16 11:03:20,298] da.sim.Router<MainProcess>:INFO: Bootstrap succeeded using <UdpTransport(127.0.0.1:22215)>.
[2022-11-16 11:03:20,299] da.api<MainProcess>:INFO: <NodeProcess:ReplicaNode4> initialized at 127.0.0.1:(UdpTransport=22215, TcpTransport=23847).
[2022-11-16 11:03:20,299] da.api<MainProcess>:INFO: Starting program <module 'replica' from '/Users/prashant/Desktop/BCR/src/replica.py'>...
[2022-11-16 11:03:20,299] da.api<MainProcess>:INFO: Running iteration 1 ...
[2022-11-16 11:03:20,300] da.api<MainProcess>:INFO: Waiting for remaining child processes to terminate...(Press "Ctrl-C" to force kill)
[2022-11-16 11:03:23,204] replica.Replica<Replica:21402#ReplicaNode4>:INFO: Starting Replica
[2022-11-16 11:03:23,210] replica.Replica<Replica:21402#ReplicaNode4>:INFO: Replica:4 received init_hist:0 from olympus
[2022-11-16 11:03:23,212] replica.Replica<Replica:21402#ReplicaNode4>:OUTPUT: Replica:4 {message_type>messagecount} is {<MessageTypes.NEW_CONFIGURATION: 7>: 0}
, {client:{message_type>messagecount} is :{}
[2022-11-16 11:03:23,213] replica.Replica<Replica:21402#ReplicaNode4>:OUTPUT: Failure trigger is None , failure checks is  change_oper=False change_result=False drop_result=False change_privatekey=False remove_operationhistory=False crash=False truncate_history=False sleep=0 drop=False increment_slot=False extra_op=False invalid_order_sig=False invalid_result_sig=False drop_checkpt_stmts=False for the init_hist:0  in Replica:4
[2022-11-16 11:03:23,214] replica.Replica<Replica:21402#ReplicaNode4>:INFO: replica 4 received inithist from olympus runningState:{}  slot:-1
[2022-11-16 11:03:23,215] replica.Replica<Replica:21402#ReplicaNode4>:INFO: Replica 4 is tail
[2022-11-16 11:03:23,270] replica.Replica<Replica:21402#ReplicaNode4>:INFO: Replica:4 received forward shuttle:0 for client:0
[2022-11-16 11:03:23,271] replica.Replica<Replica:21402#ReplicaNode4>:OUTPUT: Replica:4 {client:{message_type>messagecount} is :{0: {<MessageTypes.SHUTTLE: 2>: 0}}
[2022-11-16 11:03:23,271] replica.Replica<Replica:21402#ReplicaNode4>:OUTPUT: Failure trigger is None , failure checks is  change_oper=False change_result=False drop_result=False change_privatekey=False remove_operationhistory=False crash=False truncate_history=False sleep=0 drop=False increment_slot=False extra_op=False invalid_order_sig=False invalid_result_sig=False drop_checkpt_stmts=False for the forward shuttle:0 client:0 in Replica:4
[2022-11-16 11:03:23,273] replica.Replica<Replica:21402#ReplicaNode4>:OUTPUT: Forward Shuttle:0 for Client:0 passed validation at Replica:4
[2022-11-16 11:03:23,274] replica.Replica<Replica:21402#ReplicaNode4>:OUTPUT: Checkpoint :Running State Hash:b'8cc57ca43eb209139562a629272985648f822cfb567a21e0fd5f73b31c7034bb' is created for running state:{'movie': 'star'} and stored in history at slot 0 for Replica:4
[2022-11-16 11:03:23,275] replica.Replica<Replica:21402#ReplicaNode4>:INFO: [Replica:4 runningState:{'movie': 'star'} OperationName:put OperationId:1 ]
[2022-11-16 11:03:23,275] replica.Replica<Replica:21402#ReplicaNode4>:OUTPUT: result of operation is OK for Replica:4
[2022-11-16 11:03:23,276] replica.Replica<Replica:21402#ReplicaNode4>:OUTPUT: Replica:4 order statement [slot,operationName,operationId,replicaId]:[0,put,1,4] is signed,appended to order Proof
[2022-11-16 11:03:23,277] replica.Replica<Replica:21402#ReplicaNode4>:OUTPUT: Replica:4 result statement [result_hash,operationName,operationId,replicaId]:[b'993c86df9aeaf07579b44943216571b94456b0228e65b6e09384701a7c4ab03f',put,1,4] is signed,appended to result Proof
[2022-11-16 11:03:23,281] replica.Replica<Replica:21402#ReplicaNode4>:OUTPUT: client result shuttle sent from tail to client:0
[2022-11-16 11:03:23,284] replica.Replica<Replica:21402#ReplicaNode4>:OUTPUT: backward shuttle generated from tail
[2022-11-16 11:03:23,301] replica.Replica<Replica:21402#ReplicaNode4>:INFO: Replica:4 received done from olympus
[2022-11-16 11:03:23,302] replica.Replica<Replica:21402#ReplicaNode4>:OUTPUT: replica send done to olympus
[2022-11-16 11:03:23,303] replica.Replica<Replica:21402#ReplicaNode4>:INFO: replica4 time to terminate:True,state:State.IMMUTABLE
[2022-11-16 11:03:30,510] replica.Replica<Replica:21403#ReplicaNode4>:INFO: Starting Replica
[2022-11-16 11:03:30,517] replica.Replica<Replica:21403#ReplicaNode4>:INFO: Replica:4 received init_hist:0 from olympus
[2022-11-16 11:03:30,518] replica.Replica<Replica:21403#ReplicaNode4>:OUTPUT: Replica:4 {message_type>messagecount} is {<MessageTypes.NEW_CONFIGURATION: 7>: 0}
, {client:{message_type>messagecount} is :{}
[2022-11-16 11:03:30,519] replica.Replica<Replica:21403#ReplicaNode4>:OUTPUT: Failure trigger is None , failure checks is  change_oper=False change_result=False drop_result=False change_privatekey=False remove_operationhistory=False crash=False truncate_history=False sleep=0 drop=False increment_slot=False extra_op=False invalid_order_sig=False invalid_result_sig=False drop_checkpt_stmts=False for the init_hist:0  in Replica:4
[2022-11-16 11:03:30,520] replica.Replica<Replica:21403#ReplicaNode4>:INFO: replica 4 received inithist from olympus runningState:{}  slot:-1
[2022-11-16 11:03:30,521] replica.Replica<Replica:21403#ReplicaNode4>:INFO: Replica 4 is tail
[2022-11-16 11:03:30,578] replica.Replica<Replica:21403#ReplicaNode4>:INFO: Replica:4 received forward shuttle:0 for client:0
[2022-11-16 11:03:30,578] replica.Replica<Replica:21403#ReplicaNode4>:OUTPUT: Replica:4 {client:{message_type>messagecount} is :{0: {<MessageTypes.SHUTTLE: 2>: 0}}
[2022-11-16 11:03:30,579] replica.Replica<Replica:21403#ReplicaNode4>:OUTPUT: Failure trigger is None , failure checks is  change_oper=False change_result=False drop_result=False change_privatekey=False remove_operationhistory=False crash=False truncate_history=False sleep=0 drop=False increment_slot=False extra_op=False invalid_order_sig=False invalid_result_sig=False drop_checkpt_stmts=False for the forward shuttle:0 client:0 in Replica:4
[2022-11-16 11:03:30,581] replica.Replica<Replica:21403#ReplicaNode4>:OUTPUT: Forward Shuttle:0 for Client:0 passed validation at Replica:4
[2022-11-16 11:03:30,582] replica.Replica<Replica:21403#ReplicaNode4>:OUTPUT: Checkpoint :Running State Hash:b'8cc57ca43eb209139562a629272985648f822cfb567a21e0fd5f73b31c7034bb' is created for running state:{'movie': 'star'} and stored in history at slot 0 for Replica:4
[2022-11-16 11:03:30,582] replica.Replica<Replica:21403#ReplicaNode4>:INFO: [Replica:4 runningState:{'movie': 'star'} OperationName:put OperationId:1 ]
[2022-11-16 11:03:30,583] replica.Replica<Replica:21403#ReplicaNode4>:OUTPUT: result of operation is OK for Replica:4
[2022-11-16 11:03:30,583] replica.Replica<Replica:21403#ReplicaNode4>:OUTPUT: Replica:4 order statement [slot,operationName,operationId,replicaId]:[0,put,1,4] is signed,appended to order Proof
[2022-11-16 11:03:30,584] replica.Replica<Replica:21403#ReplicaNode4>:OUTPUT: Replica:4 result statement [result_hash,operationName,operationId,replicaId]:[b'993c86df9aeaf07579b44943216571b94456b0228e65b6e09384701a7c4ab03f',put,1,4] is signed,appended to result Proof
[2022-11-16 11:03:30,588] replica.Replica<Replica:21403#ReplicaNode4>:OUTPUT: client result shuttle sent from tail to client:0
[2022-11-16 11:03:30,592] replica.Replica<Replica:21403#ReplicaNode4>:OUTPUT: backward shuttle generated from tail
[2022-11-16 11:03:30,594] replica.Replica<Replica:21403#ReplicaNode4>:INFO: Replica:4 received forward shuttle:0 for client:1
[2022-11-16 11:03:30,595] replica.Replica<Replica:21403#ReplicaNode4>:OUTPUT: Replica:4 {client:{message_type>messagecount} is :{0: {<MessageTypes.SHUTTLE: 2>: 0}, 1: {<MessageTypes.SHUTTLE: 2>: 0}}
[2022-11-16 11:03:30,595] replica.Replica<Replica:21403#ReplicaNode4>:OUTPUT: Failure trigger is None , failure checks is  change_oper=False change_result=False drop_result=False change_privatekey=False remove_operationhistory=False crash=False truncate_history=False sleep=0 drop=False increment_slot=False extra_op=False invalid_order_sig=False invalid_result_sig=False drop_checkpt_stmts=False for the forward shuttle:0 client:1 in Replica:4
[2022-11-16 11:03:30,598] replica.Replica<Replica:21403#ReplicaNode4>:OUTPUT: Forward Shuttle:0 for Client:1 passed validation at Replica:4
[2022-11-16 11:03:30,599] replica.Replica<Replica:21403#ReplicaNode4>:OUTPUT: Checkpoint :Running State Hash:b'8cc57ca43eb209139562a629272985648f822cfb567a21e0fd5f73b31c7034bb' is created for running state:{'movie': 'star'} and stored in history at slot 1 for Replica:4
[2022-11-16 11:03:30,600] replica.Replica<Replica:21403#ReplicaNode4>:INFO: [Replica:4 runningState:{'movie': 'star'} OperationName:get OperationId:1 ]
[2022-11-16 11:03:30,600] replica.Replica<Replica:21403#ReplicaNode4>:OUTPUT: result of operation is star for Replica:4
[2022-11-16 11:03:30,601] replica.Replica<Replica:21403#ReplicaNode4>:OUTPUT: Replica:4 order statement [slot,operationName,operationId,replicaId]:[1,get,1,4] is signed,appended to order Proof
[2022-11-16 11:03:30,602] replica.Replica<Replica:21403#ReplicaNode4>:OUTPUT: Replica:4 result statement [result_hash,operationName,operationId,replicaId]:[b'6b06ac1727d0c4a1a0f73572e0f1c7cdc6aec0ad5a4580035b225fa66fb21560',get,1,4] is signed,appended to result Proof
[2022-11-16 11:03:30,607] replica.Replica<Replica:21403#ReplicaNode4>:OUTPUT: client result shuttle sent from tail to client:1
[2022-11-16 11:03:30,608] replica.Replica<Replica:21403#ReplicaNode4>:OUTPUT: backward shuttle generated from tail
[2022-11-16 11:03:30,637] replica.Replica<Replica:21403#ReplicaNode4>:INFO: Replica:4 received forward shuttle:1 for client:0
[2022-11-16 11:03:30,638] replica.Replica<Replica:21403#ReplicaNode4>:OUTPUT: Replica:4 {client:{message_type>messagecount} is :{0: {<MessageTypes.SHUTTLE: 2>: 1}, 1: {<MessageTypes.SHUTTLE: 2>: 0}}
[2022-11-16 11:03:30,639] replica.Replica<Replica:21403#ReplicaNode4>:OUTPUT: Failure trigger is None , failure checks is  change_oper=False change_result=False drop_result=False change_privatekey=False remove_operationhistory=False crash=False truncate_history=False sleep=0 drop=False increment_slot=False extra_op=False invalid_order_sig=False invalid_result_sig=False drop_checkpt_stmts=False for the forward shuttle:1 client:0 in Replica:4
[2022-11-16 11:03:30,641] replica.Replica<Replica:21403#ReplicaNode4>:OUTPUT: Forward Shuttle:1 for Client:0 passed validation at Replica:4
[2022-11-16 11:03:30,643] replica.Replica<Replica:21403#ReplicaNode4>:OUTPUT: Checkpoint :Running State Hash:b'2ac895ebfc36dc360e5b9710d6677dba60d3a61f5d0fa33e4e1b119f15cffb69' is created for running state:{'movie': 'tar'} and stored in history at slot 2 for Replica:4
[2022-11-16 11:03:30,643] replica.Replica<Replica:21403#ReplicaNode4>:INFO: [Replica:4 runningState:{'movie': 'tar'} OperationName:slice OperationId:2 ]
[2022-11-16 11:03:30,644] replica.Replica<Replica:21403#ReplicaNode4>:OUTPUT: result of operation is OK for Replica:4
[2022-11-16 11:03:30,645] replica.Replica<Replica:21403#ReplicaNode4>:OUTPUT: Replica:4 order statement [slot,operationName,operationId,replicaId]:[2,slice,2,4] is signed,appended to order Proof
[2022-11-16 11:03:30,646] replica.Replica<Replica:21403#ReplicaNode4>:OUTPUT: Replica:4 result statement [result_hash,operationName,operationId,replicaId]:[b'993c86df9aeaf07579b44943216571b94456b0228e65b6e09384701a7c4ab03f',slice,2,4] is signed,appended to result Proof
[2022-11-16 11:03:30,647] replica.Replica<Replica:21403#ReplicaNode4>:OUTPUT: client result shuttle sent from tail to client:0
[2022-11-16 11:03:30,649] replica.Replica<Replica:21403#ReplicaNode4>:OUTPUT: backward shuttle generated from tail
[2022-11-16 11:03:30,657] replica.Replica<Replica:21403#ReplicaNode4>:INFO: Replica:4 received forward shuttle:1 for client:1
[2022-11-16 11:03:30,658] replica.Replica<Replica:21403#ReplicaNode4>:OUTPUT: Replica:4 {client:{message_type>messagecount} is :{0: {<MessageTypes.SHUTTLE: 2>: 1}, 1: {<MessageTypes.SHUTTLE: 2>: 1}}
[2022-11-16 11:03:30,659] replica.Replica<Replica:21403#ReplicaNode4>:OUTPUT: Failure trigger is None , failure checks is  change_oper=False change_result=False drop_result=False change_privatekey=False remove_operationhistory=False crash=False truncate_history=False sleep=0 drop=False increment_slot=False extra_op=False invalid_order_sig=False invalid_result_sig=False drop_checkpt_stmts=False for the forward shuttle:1 client:1 in Replica:4
[2022-11-16 11:03:30,662] replica.Replica<Replica:21403#ReplicaNode4>:OUTPUT: Forward Shuttle:1 for Client:1 passed validation at Replica:4
[2022-11-16 11:03:30,663] replica.Replica<Replica:21403#ReplicaNode4>:OUTPUT: Checkpoint :Running State Hash:b'5ef146be22406a7e822ae6f28d362d8e0635fc819b60ad98b239e7b9719086dc' is created for running state:{'movie': 'stars'} and stored in history at slot 3 for Replica:4
[2022-11-16 11:03:30,663] replica.Replica<Replica:21403#ReplicaNode4>:INFO: [Replica:4 runningState:{'movie': 'stars'} OperationName:put OperationId:2 ]
[2022-11-16 11:03:30,664] replica.Replica<Replica:21403#ReplicaNode4>:OUTPUT: result of operation is OK for Replica:4
[2022-11-16 11:03:30,664] replica.Replica<Replica:21403#ReplicaNode4>:OUTPUT: Replica:4 order statement [slot,operationName,operationId,replicaId]:[3,put,2,4] is signed,appended to order Proof
[2022-11-16 11:03:30,665] replica.Replica<Replica:21403#ReplicaNode4>:OUTPUT: Replica:4 result statement [result_hash,operationName,operationId,replicaId]:[b'993c86df9aeaf07579b44943216571b94456b0228e65b6e09384701a7c4ab03f',put,2,4] is signed,appended to result Proof
[2022-11-16 11:03:30,666] replica.Replica<Replica:21403#ReplicaNode4>:OUTPUT: client result shuttle sent from tail to client:1
[2022-11-16 11:03:30,668] replica.Replica<Replica:21403#ReplicaNode4>:OUTPUT: backward shuttle generated from tail
[2022-11-16 11:03:30,672] replica.Replica<Replica:21403#ReplicaNode4>:INFO: Replica:4 received checkpoint forward shuttle:0 for slot:0
[2022-11-16 11:03:30,672] replica.Replica<Replica:21403#ReplicaNode4>:OUTPUT: Replica:4 {replica:{message_type>messagecount} is :{<MessageTypes.NEW_CONFIGURATION: 7>: 0, <MessageTypes.CHECKPOINT: 4>: 0}
[2022-11-16 11:03:30,673] replica.Replica<Replica:21403#ReplicaNode4>:OUTPUT: Failure trigger is None , failure checks is  change_oper=False change_result=False drop_result=False change_privatekey=False remove_operationhistory=False crash=False truncate_history=False sleep=0 drop=False increment_slot=False extra_op=False invalid_order_sig=False invalid_result_sig=False drop_checkpt_stmts=False for the checkpoint forward shuttle:0 slot:0 in Replica:4
[2022-11-16 11:03:30,675] replica.Replica<Replica:21403#ReplicaNode4>:OUTPUT: Checkpoint Forward Shuttle:0 for slot:0 passed validation at Replica:4
[2022-11-16 11:03:30,676] replica.Replica<Replica:21403#ReplicaNode4>:OUTPUT: CheckpointStatement [checkpointSlot:0,runningStateHash:b'8cc57ca43eb209139562a629272985648f822cfb567a21e0fd5f73b31c7034bb',] created at replica:4 for slot 0

[2022-11-16 11:03:30,677] replica.Replica<Replica:21403#ReplicaNode4>:OUTPUT: CheckpointSt is appended to CheckpointShuttle checkpointSlot:0
 checkpointStatement:b"z?\x10F\xd2\xc0R\xc3\\t\xfc\xf4'\xd9\xfa\xc9(\x83\xd75\xf0{\xe3d\x84_P\x1b\xb8\xb4\xf8\x1a\xe6T\x01\xa6Z\xb1\x88\xa1\x83\xbf\xd6U\xc4j\x9d9\xbd\xfe\x12\xe7\x96%\xb7\xab\t\xa4\xe6#By\x06\x05\x80\x03cCheckpointStatement\nCheckpointStatement\nq\x00)\x81q\x01}q\x02(X\x0e\x00\x00\x00checkpointSlotq\x03K\x00X\x10\x00\x00\x00runningStateHashq\x04C@8cc57ca43eb209139562a629272985648f822cfb567a21e0fd5f73b31c7034bbq\x05ub.",b'\xb4\xf90\xa3[\xef\x14\x02Q/\x94"\xac\x0cS\x11\xc8\xb4\xef\x8e!c\xd5\x1c\x00\xaf\x1d6f\xf4GPA..\xfaP\xd1M\x92\xc0(\xf0\xd6\x16\'\x947\xf9]&\xb4"\xb3(\x12\x99RZ\x82\xe7P\xb4\x01\x80\x03cCheckpointStatement\nCheckpointStatement\nq\x00)\x81q\x01}q\x02(X\x0e\x00\x00\x00checkpointSlotq\x03K\x00X\x10\x00\x00\x00runningStateHashq\x04C@8cc57ca43eb209139562a629272985648f822cfb567a21e0fd5f73b31c7034bbq\x05ub.',b'\xa6\x1d\xe7\xabqE\x81\xf3\xcc\xca\xd4Q\x13B\xd6\x11_\xdf\xe5\xc8\xb8\xa1\xc2\xbd\x9343X\xf3\xc2\x08*i\x88x\x85t\x906\xdcA\xfc\x9e\xfe<\xfd\xf9\xf4\x99f\xeaq\x12!\x84\xfcjGv!`g,\r\x80\x03cCheckpointStatement\nCheckpointStatement\nq\x00)\x81q\x01}q\x02(X\x0e\x00\x00\x00checkpointSlotq\x03K\x00X\x10\x00\x00\x00runningStateHashq\x04C@8cc57ca43eb209139562a629272985648f822cfb567a21e0fd5f73b31c7034bbq\x05ub.',b'$\x89)\x90\x0f)\xe1\xfdH\xc8\x17$"\xca\xe9\x981&\x8bh*\x98\x02dK\xb1\xe3F7\xad,\xa3\xa3\xd9]*\xad1\xac\xb0\x1c\xa2\x98\xec\x0fCz\xaf\x85*\xa1\x96P\xffX(6t\xc0\x1f,5\xff\n\x80\x03cCheckpointStatement\nCheckpointStatement\nq\x00)\x81q\x01}q\x02(X\x0e\x00\x00\x00checkpointSlotq\x03K\x00X\x10\x00\x00\x00runningStateHashq\x04C@8cc57ca43eb209139562a629272985648f822cfb567a21e0fd5f73b31c7034bbq\x05ub.',b'\xb0\r\rf\x10\x88v\xc1\x03\xab"\xb0\x0e\xcb\xc16\x85@d\x85P\xcb)\xc2c\xd5\xd7\'$,H\xb9\xb3|\xa3\xd9\x92\xc2\x07jW\x95\xf4\xe9\xb7G\xd2\xc7A\x0en\xd6\'$\x10:I\x1f5\x0f\x1f!2\x01\x80\x03cCheckpointStatement\nCheckpointStatement\nq\x00)\x81q\x01}q\x02(X\x0e\x00\x00\x00checkpointSlotq\x03K\x00X\x10\x00\x00\x00runningStateHashq\x04C@8cc57ca43eb209139562a629272985648f822cfb567a21e0fd5f73b31c7034bbq\x05ub.' at replica:4 for slot 0

[2022-11-16 11:03:30,678] replica.Replica<Replica:21403#ReplicaNode4>:OUTPUT: Truncated History is {1=[operation :  ID:1 Name:get Key:movie Value:None Client ID: <Client:f0c11#ClientNode> Logical Clock0 ClientNum 1],2=[operation :  ID:2 Name:slice Key:movie Value:1:4 Client ID: <Client:f0c12#ClientNode> Logical Clock24 ClientNum 0],3=[operation :  ID:2 Name:put Key:movie Value:stars Client ID: <Client:f0c11#ClientNode> Logical Clock27 ClientNum 1]} after checkpointing at slot 0 for replica:4

[2022-11-16 11:03:30,679] replica.Replica<Replica:21403#ReplicaNode4>:OUTPUT: completed checkpoint proof shuttle generated from tail
[2022-11-16 11:03:30,681] replica.Replica<Replica:21403#ReplicaNode4>:INFO: Replica:4 received checkpoint forward shuttle:1 for slot:1
[2022-11-16 11:03:30,682] replica.Replica<Replica:21403#ReplicaNode4>:OUTPUT: Replica:4 {replica:{message_type>messagecount} is :{<MessageTypes.NEW_CONFIGURATION: 7>: 0, <MessageTypes.CHECKPOINT: 4>: 1}
[2022-11-16 11:03:30,683] replica.Replica<Replica:21403#ReplicaNode4>:OUTPUT: Failure trigger is None , failure checks is  change_oper=False change_result=False drop_result=False change_privatekey=False remove_operationhistory=False crash=False truncate_history=False sleep=0 drop=False increment_slot=False extra_op=False invalid_order_sig=False invalid_result_sig=False drop_checkpt_stmts=False for the checkpoint forward shuttle:1 slot:1 in Replica:4
[2022-11-16 11:03:30,686] replica.Replica<Replica:21403#ReplicaNode4>:OUTPUT: Checkpoint Forward Shuttle:1 for slot:1 passed validation at Replica:4
[2022-11-16 11:03:30,687] replica.Replica<Replica:21403#ReplicaNode4>:OUTPUT: CheckpointStatement [checkpointSlot:1,runningStateHash:b'8cc57ca43eb209139562a629272985648f822cfb567a21e0fd5f73b31c7034bb',] created at replica:4 for slot 1

[2022-11-16 11:03:30,688] replica.Replica<Replica:21403#ReplicaNode4>:OUTPUT: CheckpointSt is appended to CheckpointShuttle checkpointSlot:1
 checkpointStatement:b'\x9c\xb5\x85&\xa4\xaa\xb7\x19oDK\xad\xee\xe7\xfd\xcear\xfe\xe7Xr\xaf8L.\xfe?U\xc8\xcb\xbe\t\xe4\xe9\xda\xec\xbcF\xc5\xf6\xca\xf0\x98\xe8\x0f\xbc8\xf7rC\xc6\x82\xc7\x91\xf1\x1a\x11\xd1^fW4\x05\x80\x03cCheckpointStatement\nCheckpointStatement\nq\x00)\x81q\x01}q\x02(X\x0e\x00\x00\x00checkpointSlotq\x03K\x01X\x10\x00\x00\x00runningStateHashq\x04C@8cc57ca43eb209139562a629272985648f822cfb567a21e0fd5f73b31c7034bbq\x05ub.',b'J\xfc-\x8f\tR\xdd\xc25\xc1\xd9\xbe2\xda\x84x6][1\x8f\xbe\xa9TFH\xf2\xcb\xaf\x02\xab>\xab\x13\x9c\x80\x13\x85:C\x853^q\x98G\xbc\xc6\rz\xbf\xbd\x93O%\xbc\n\xb5T\xa9\x0bQ\xce\x0b\x80\x03cCheckpointStatement\nCheckpointStatement\nq\x00)\x81q\x01}q\x02(X\x0e\x00\x00\x00checkpointSlotq\x03K\x01X\x10\x00\x00\x00runningStateHashq\x04C@8cc57ca43eb209139562a629272985648f822cfb567a21e0fd5f73b31c7034bbq\x05ub.',b'&\n\xb4+c\x87l\x08l\xe3{\xa1\x94\xc9\xed\xf4\xa8\x84\xdag\x02\xa6Y2\xc45\xc5\xc4\x0f\xd6}*m\x0f\x06\xec\x1dY\xea\x9b`\xbfNx\xa6\x93"um\xc2\xff\xe4"\xcc\x93\x10\x81\x0e\xa7tN7\x90\x07\x80\x03cCheckpointStatement\nCheckpointStatement\nq\x00)\x81q\x01}q\x02(X\x0e\x00\x00\x00checkpointSlotq\x03K\x01X\x10\x00\x00\x00runningStateHashq\x04C@8cc57ca43eb209139562a629272985648f822cfb567a21e0fd5f73b31c7034bbq\x05ub.',b'\xf3\x85\xbc\x88\xe3\xc49=\xebY\x15W\xc2\xf3\x9a\xf0\xba\xd9\xf4\xbc\x816\x80\x8d\xf1\xaf\x87zF\xf5\\\x14\xab\x7fpf\xca\xe1\x97\xa8\\L0>\xa0\xf6\xad\x1ahN\xeb\x9aIM\x11\xcdn\x04\x13P\xec\xfd\x07\x06\x80\x03cCheckpointStatement\nCheckpointStatement\nq\x00)\x81q\x01}q\x02(X\x0e\x00\x00\x00checkpointSlotq\x03K\x01X\x10\x00\x00\x00runningStateHashq\x04C@8cc57ca43eb209139562a629272985648f822cfb567a21e0fd5f73b31c7034bbq\x05ub.',b':\x99xp\xc3\x17\x1c\xd2U\xf9\xad\x1c\xcf\xbd_\xd5$\xc6\xd1{c\xdf.\x0f\xb8D\xcf\xcf\x10\xdb\x0f9\x86\xd2T\xe0\x82\x0b\xc5\xe1\xeb\x8a\xedi\x11\x0fq\x9b$\x8c\xe8\xfa\x83\xf2\x85:[\\w\x15\xbe\xfa\xac\x0f\x80\x03cCheckpointStatement\nCheckpointStatement\nq\x00)\x81q\x01}q\x02(X\x0e\x00\x00\x00checkpointSlotq\x03K\x01X\x10\x00\x00\x00runningStateHashq\x04C@8cc57ca43eb209139562a629272985648f822cfb567a21e0fd5f73b31c7034bbq\x05ub.' at replica:4 for slot 1

[2022-11-16 11:03:30,690] replica.Replica<Replica:21403#ReplicaNode4>:OUTPUT: Truncated History is {2=[operation :  ID:2 Name:slice Key:movie Value:1:4 Client ID: <Client:f0c12#ClientNode> Logical Clock24 ClientNum 0],3=[operation :  ID:2 Name:put Key:movie Value:stars Client ID: <Client:f0c11#ClientNode> Logical Clock27 ClientNum 1]} after checkpointing at slot 1 for replica:4

[2022-11-16 11:03:30,692] replica.Replica<Replica:21403#ReplicaNode4>:OUTPUT: completed checkpoint proof shuttle generated from tail
[2022-11-16 11:03:30,697] replica.Replica<Replica:21403#ReplicaNode4>:INFO: Replica:4 received done from olympus
[2022-11-16 11:03:30,698] replica.Replica<Replica:21403#ReplicaNode4>:OUTPUT: replica send done to olympus
[2022-11-16 11:03:30,699] replica.Replica<Replica:21403#ReplicaNode4>:INFO: replica4 time to terminate:True,state:State.IMMUTABLE
[2022-11-16 11:05:57,768] da.api<MainProcess>:WARNING: Received keyboard interrupt. 
